Iteration	Posterior	Likelihood	Prior	rate_log_sd	tree_length
0	-5709.377	-5882.759	173.3824	1.05632	5.931471
6	-5712.872	-5884.862	171.9904	1.016057	6.709237
12	-5717.712	-5890.358	172.6464	1.038295	6.341932
18	-5709.404	-5882.45	173.046	1.023588	6.132722
24	-5713.283	-5889.494	176.2105	1.180571	4.293734
30	-5720.288	-5895.233	174.9451	1.210899	4.986015
36	-5711.466	-5887.336	175.8704	1.137717	4.509794
42	-5718.492	-5892.535	174.0433	1.137717	5.524821
48	-5718.741	-5892.014	173.2729	1.03587	6.002432
54	-5721.016	-5894.294	173.2784	1.164361	5.929296
60	-5722.139	-5895.724	173.5851	1.015901	5.842826
66	-5714.731	-5886.962	172.2316	0.9855779	6.595291
72	-5711.825	-5883.867	172.0417	0.9855779	6.697979
78	-5710.636	-5885.194	174.5578	1.161553	5.228045
84	-5720.413	-5896.498	176.0846	1.313872	4.289546
90	-5713.824	-5888.514	174.6909	1.106671	5.184793
96	-5714.321	-5888.961	174.64	1.157585	5.184793
102	-5718.021	-5893.111	175.0901	1.221957	4.899222
108	-5726.469	-5901.091	174.6215	1.132646	5.208839
114	-5718.809	-5891.518	172.7093	1.022737	6.316255
120	-5719.562	-5892.43	172.8675	1.054759	6.212872
126	-5726.794	-5900.165	173.3713	0.9702239	5.984511
132	-5715.55	-5888.016	172.4665	0.9722012	6.475347
138	-5724.711	-5898.294	173.583	1.008666	5.847899
144	-5729.98	-5901.066	171.0863	0.9456455	7.234139
150	-5731.302	-5902.688	171.3868	0.9620148	7.063799
156	-5717.169	-5891.037	173.8681	1.18373	5.595826
162	-5729.092	-5903.889	174.7977	1.083313	5.13857
168	-5730.491	-5903.428	172.9369	1.083354	6.15957
174	-5724.975	-5898.303	173.3279	1.072367	5.952491
180	-5728.547	-5901.439	172.8917	1.045	6.205026
186	-5739.693	-5911.942	172.2493	0.9865478	6.585179
192	-5714.892	-5888.067	173.1743	1.03913	6.054383
198	-5718.271	-5891.911	173.6403	1.083238	5.775784
204	-5728.105	-5902.514	174.4087	1.072448	5.359565
210	-5723.641	-5897.631	173.9896	1.142646	5.55164
216	-5707.876	-5881.95	174.0741	1.058123	5.55164
222	-5706.798	-5880.519	173.7211	1.111869	5.715829
228	-5714.166	-5889.69	175.5241	1.095345	4.727683
234	-5717.926	-5892.831	174.905	1.095345	5.072448
240	-5715.351	-5890.476	175.1252	1.261571	4.8576
246	-5715.115	-5889.905	174.7897	1.267764	5.040766
252	-5710.593	-5884.33	173.7372	1.136483	5.693517
258	-5716.167	-5892.053	175.8858	1.295112	4.412445
264	-5723.595	-5898.115	174.5207	1.104478	5.280084
270	-5723.82	-5897.896	174.0762	1.104478	5.525031
276	-5739.971	-5914.69	174.7196	1.035404	5.208356
282	-5737.867	-5911.626	173.7589	1.147959	5.675345
288	-5729.168	-5902.69	173.5219	1.035136	5.866875
294	-5717.902	-5892.29	174.3875	1.081816	5.366107
300	-5724.006	-5899.127	175.1208	1.153201	4.920405
306	-5721.876	-5896.236	174.3597	1.055036	5.396206
312	-5717.869	-5891.908	174.0397	1.213579	5.485071
318	-5708.364	-5882.297	173.9332	1.06999	5.622526
324	-5711.664	-5885.149	173.4848	1.097905	5.852804
330	-5710.341	-5883.106	172.7649	1.036583	6.278563
336	-5718.842	-5891.115	172.2731	1.035	6.546112
342	-5716.258	-5888.698	172.4403	0.9979495	6.475615
348	-5711.567	-5884.732	173.1651	1.052822	6.051955
354	-5717.207	-5892.633	175.4254	1.202418	4.723002
360	-5721.187	-5897.573	176.3862	1.202418	4.181766
366	-5715.49	-5889.581	174.0904	1.133149	5.501444
372	-5716.074	-5890.212	174.1379	1.112905	5.486465
378	-5711.744	-5885.144	173.4002	1.132269	5.880301
384	-5710.18	-5883.208	173.028	1.027089	6.140605
390	-5713.645	-5886.517	172.8721	1.086061	6.193394
396	-5709.141	-5883.49	174.3488	1.17398	5.336638
402	-5704.809	-5879.887	175.0784	1.197915	4.919104
408	-5712.57	-5887.905	175.3353	1.239639	4.752564
414	-5712.289	-5886.599	174.3106	1.266554	5.306619
420	-5723.108	-5896.477	173.3699	1.182131	5.86959
426	-5726.512	-5899.606	173.0941	1.075325	6.07837
432	-5717.43	-5889.893	172.4635	1.023215	6.449322
438	-5719.297	-5891.37	172.0728	1.074746	6.632938
444	-5716.684	-5888.847	172.1628	0.9848035	6.632938
450	-5731.349	-5904.49	173.1414	0.9502999	6.12072
456	-5722.681	-5895.697	173.0151	1.07623	6.120916
462	-5715.067	-5890.67	175.6037	1.198167	4.625563
468	-5717.319	-5891.891	174.5725	1.167937	5.216399
474	-5722.558	-5895.856	173.298	1.034299	5.98955
480	-5720.486	-5894.121	173.6348	1.059769	5.79163
486	-5715.69	-5888.016	172.3265	1.048865	6.509696
492	-5703.414	-5877.192	173.7774	1.030137	5.729766
498	-5717.951	-5890.573	172.6222	1.08921	6.327469
504	-5723.546	-5896.771	173.2243	1.08921	5.999831
510	-5720.529	-5892.13	171.6007	1.004581	6.925704
516	-5711.834	-5884.151	172.3167	1.029122	6.525694
522	-5715.449	-5889.286	173.8373	1.09675	5.660429
528	-5715.806	-5889.713	173.9068	1.190713	5.570729
534	-5733.316	-5906.993	173.6766	0.9675969	5.819212
540	-5723.4	-5896.569	173.1694	1.082233	6.033576
546	-5732.128	-5906.662	174.5335	1.13017	5.258822
552	-5726.997	-5901.174	174.1779	1.114332	5.463651
558	-5715.271	-5889.162	173.8912	1.160739	5.59572
564	-5717.859	-5893.083	175.2244	1.186399	4.8442
570	-5708.909	-5883.87	174.9612	1.085893	5.04649
576	-5721.232	-5894.054	172.8224	1.039391	6.245749
582	-5717.221	-5891.932	174.711	1.189019	5.128049
588	-5722.195	-5897.617	175.422	1.249649	4.698496
594	-5722.803	-5897.677	174.8749	1.242441	5.007519
600	-5716.889	-5890.647	173.7581	1.134855	5.682986
606	-5714.186	-5887.947	173.7609	1.13205	5.682986
612	-5713.892	-5887.476	173.5844	1.110652	5.791358
618	-5722.486	-5894.48	171.9944	1.124079	6.648704
624	-5720.772	-5895.621	174.8495	1.22189	5.033031
630	-5720.866	-5895.024	174.1582	1.076555	5.495271
636	-5715.792	-5889.797	174.0055	1.050965	5.593233
642	-5710.478	-5882.691	172.2133	1.07176	6.558575
648	-5704.706	-5876.064	171.3588	0.9538205	7.083263
654	-5710.772	-5881.632	170.8602	1.04022	7.304741
660	-5716.258	-5890.013	173.7553	1.037202	5.738001
666	-5715.364	-5889.927	174.5637	1.186519	5.211
672	-5720.271	-5895.565	175.2946	1.151185	4.824679
678	-5725.616	-5899.439	173.8225	1.224081	5.598694
684	-5717.105	-5891.83	174.7255	1.141148	5.146527
690	-5727.577	-5901.471	173.8938	1.10626	5.624225
696	-5718.465	-5892.466	174.0007	1.056726	5.592726
702	-5710.669	-5885.602	174.9328	1.230833	4.981811
708	-5720.088	-5894.49	174.4017	1.227651	5.277785
714	-5724.116	-5900.399	176.283	1.260476	4.207382
720	-5714.732	-5890.946	176.214	1.162343	4.302091
726	-5716.985	-5891.718	174.7337	1.132	5.147102
732	-5723.701	-5898.294	174.5932	1.133769	5.223848
738	-5723.107	-5897.702	174.5952	1.276428	5.143815
744	-5712.048	-5887.848	175.8002	1.250463	4.485815
750	-5712.279	-5887.91	175.6311	1.212354	4.602274
756	-5718.168	-5892.674	174.5058	1.085729	5.298684
762	-5708.845	-5882.697	173.8522	1.044011	5.681174
768	-5714.283	-5887.032	172.7498	1.071981	6.267525
774	-5717.572	-5890.237	172.6656	1.056828	6.321468
780	-5714.123	-5887.41	173.2867	1.070326	5.976102
786	-5704.895	-5879.818	174.9233	1.060305	5.08176
792	-5719.615	-5894.235	174.6203	1.054555	5.252641
798	-5718.191	-5891.122	172.9313	0.9725956	6.222877
804	-5729.281	-5902.228	172.9473	1.152503	6.116313
810	-5718.876	-5891.234	172.3574	1.027097	6.504745
816	-5714.512	-5887.741	173.2287	0.9979206	6.047215
822	-5718.781	-5889.603	170.8225	0.9229362	7.387903
828	-5710.333	-5881.227	170.8942	0.8779013	7.373599
834	-5719.588	-5891.621	172.0334	1.065186	6.659427
840	-5732.069	-5903.344	171.2745	0.9725778	7.11852
846	-5710.153	-5883.482	173.3284	0.9787761	6.003259
852	-5721.234	-5893.665	172.4305	1.088804	6.431653
858	-5718.739	-5892.593	173.8538	1.049174	5.677451
864	-5724.68	-5897.289	172.6094	0.9675786	6.400412
870	-5727.203	-5900.74	173.5369	1.070635	5.839264
876	-5715.795	-5890.707	174.9118	1.24505	4.98554
882	-5707.793	-5882.144	174.3517	1.243196	5.296795
888	-5727.527	-5900.378	172.8512	1.100591	6.196818
894	-5722.483	-5896.705	174.2214	1.177519	5.404893
900	-5715.651	-5890.176	174.525	1.139708	5.258233
906	-5713.702	-5889.146	175.4442	1.203154	4.712106
912	-5721.051	-5896.596	175.5445	1.267945	4.619656
918	-5720.321	-5894.133	173.8122	1.074744	5.686258
924	-5719.24	-5893.391	174.1512	1.112733	5.479222
930	-5711.389	-5885.484	174.0956	1.168383	5.479222
936	-5724.497	-5898.1	173.6024	1.071898	5.802728
942	-5713.604	-5886.452	172.8479	1.059536	6.220937
948	-5714.297	-5888.57	174.2723	1.049729	5.447264
954	-5708.818	-5883.073	174.2546	1.06744	5.447264
960	-5722.115	-5895.054	172.9384	1.06744	6.167407
966	-5716.698	-5890.919	174.2208	1.180587	5.403567
972	-5731.788	-5904.994	173.2054	1.171462	5.96526
978	-5721.244	-5895.745	174.5004	1.171462	5.254307
984	-5721.396	-5895.986	174.5895	1.082326	5.254307
990	-5718.335	-5893.124	174.7892	1.185364	5.086763
996	-5721.47	-5896.098	174.6284	1.153883	5.193245
1002	-5718.732	-5894.523	175.7905	1.281184	4.474027
1008	-5720.837	-5894.657	173.8192	1.108499	5.663892
1014	-5710.155	-5884.572	174.4162	1.173534	5.299659
1020	-5716.238	-5891.578	175.3396	1.188774	4.778594
1026	-5718.681	-5892.733	174.0519	1.126102	5.526495
1032	-5726.043	-5898.257	172.214	1.120341	6.531912
1038	-5735.637	-5908.815	173.1785	1.023456	6.060665
1044	-5724.498	-5898.409	173.9102	1.21498	5.555527
1050	-5725.295	-5900.691	175.3953	1.21498	4.732838
1056	-5736.306	-5910.732	174.4261	1.274814	5.238268
1062	-5717.291	-5892.128	174.8375	1.165275	5.071078
1068	-5713.577	-5888.324	174.7473	1.190734	5.107014
1074	-5726.161	-5899.25	173.0889	1.216133	6.00444
1080	-5721.308	-5894.144	172.8361	1.061763	6.226139
1086	-5722.389	-5896.974	174.5858	1.144724	5.221851
1092	-5720.15	-5895.465	175.3148	1.228433	4.770301
1098	-5716.186	-5890.948	174.7617	1.127754	5.133917
1104	-5708.641	-5883.255	174.6138	1.048479	5.259582
1110	-5709.067	-5882.351	173.2849	1.048479	5.988989
1116	-5712.154	-5885.44	173.2857	1.047677	5.988989
1122	-5717.102	-5891.692	174.5894	1.154886	5.214286
1128	-5718.272	-5893.176	174.9042	1.119447	5.059545
1134	-5710.045	-5886.36	176.3144	1.297138	4.168763
1140	-5712.388	-5887.944	175.5564	1.245661	4.625493
1146	-5712.728	-5888.169	175.441	1.21945	4.704785
1152	-5724.388	-5899.693	175.305	1.290205	4.741246
1158	-5720.237	-5897.362	177.1258	1.37366	3.659672
1164	-5706.667	-5883.806	177.1388	1.33276	3.675816
1170	-5716.323	-5892.262	175.9383	1.170003	4.453391
1176	-5720.994	-5895.576	174.5817	1.170614	5.209821
1182	-5712.019	-5885.513	173.4941	1.108524	5.841925
1188	-5710.301	-5882.003	171.7019	0.9877575	6.880211
1194	-5722.959	-5895.178	172.2198	1.054015	6.564632
1200	-5718.089	-5892.522	174.4323	1.079759	5.342534
1206	-5727.796	-5901.754	173.9578	1.162037	5.558435
1212	-5726.045	-5900.803	174.7583	1.16452	5.115449
1218	-5716.988	-5891.878	174.8903	1.182518	5.03222
1224	-5713.243	-5887.569	174.3265	1.110243	5.384042
1230	-5720.647	-5896.432	175.7845	1.241151	4.499941
1236	-5725.787	-5901.08	175.2931	1.293769	4.745925
1242	-5727.373	-5902.491	175.118	1.134322	4.932453
1248	-5713.074	-5887.081	174.0072	1.078115	5.577413
1254	-5708.966	-5882.97	174.0041	1.091121	5.571988
1260	-5719.234	-5892.854	173.6207	1.053312	5.802896
1266	-5722.156	-5894.586	172.4302	1.008189	6.475531
1272	-5718.797	-5891.128	172.331	1.085007	6.487666
1278	-5711.868	-5883.627	171.7588	0.9682066	6.860048
1284	-5723.339	-5895.788	172.45	1.042163	6.446414
1290	-5721.34	-5895.103	173.7635	1.056468	5.722974
1296	-5719.577	-5894.806	175.2291	1.175462	4.847658
1302	-5706.002	-5880.942	174.9403	1.25773	4.96269
1308	-5711.921	-5886.218	174.297	1.198897	5.351442
1314	-5707.733	-5881.825	174.0927	1.117149	5.508997
1320	-5712.74	-5884.634	171.8939	1.051278	6.742346
1326	-5721.538	-5895.87	174.3315	1.108217	5.382417
1332	-5719.046	-5893.7	174.6537	1.067887	5.226818
1338	-5721.447	-5894.952	173.5048	1.10706	5.836852
1344	-5716.001	-5889.489	173.4884	1.123465	5.836852
1350	-5715.909	-5889.658	173.7497	1.031185	5.744401
1356	-5709.496	-5883.518	174.022	1.018863	5.601829
1362	-5735.022	-5909.42	174.3973	1.073361	5.365335
1368	-5740.96	-5915.718	174.7589	1.142886	5.127081
1374	-5740.247	-5913.279	173.0314	1.036746	6.133528
1380	-5731.195	-5903.577	172.3822	1.04797	6.479971
1386	-5730.917	-5905.139	174.2219	1.071052	5.463278
1392	-5714.394	-5888.213	173.8184	1.094433	5.672094
1398	-5724.613	-5898.4	173.7869	1.133255	5.668065
1404	-5726.307	-5901.089	174.7821	1.198436	5.083459
1410	-5723.458	-5899.257	175.7982	1.263846	4.479453
1416	-5729.666	-5903.052	173.3853	1.120793	5.894688
1422	-5719.777	-5893.252	173.475	1.03109	5.894688
1428	-5729.745	-5904.886	175.1416	1.169707	4.899643
1434	-5730.193	-5905.822	175.6287	1.347054	4.527958
1440	-5727.101	-5901.7	174.5991	1.095444	5.241782
1446	-5722.985	-5898.607	175.6222	1.132891	4.651795
1452	-5724.358	-5900.048	175.6894	1.322827	4.507482
1458	-5713.884	-5888.934	175.0505	1.293545	4.881394
1464	-5706.099	-5880.126	174.0268	1.108571	5.549918
1470	-5710.539	-5884.192	173.653	1.002459	5.813023
1476	-5705.619	-5879.468	173.8492	1.138273	5.631115
1482	-5713.515	-5888.529	175.0139	1.209627	4.948466
1488	-5725.388	-5900.455	175.067	1.156557	4.948466
1494	-5708.805	-5882.614	173.8091	1.114051	5.666423
1500	-5712.363	-5887.091	174.728	1.106803	5.164183
1506	-5715.796	-5888.695	172.8993	1.023431	6.21265
1512	-5725.864	-5899.346	173.4819	0.9494853	5.935515
1518	-5727.831	-5898.998	171.167	0.9838381	7.170254
1524	-5728.557	-5902.894	174.3369	1.181587	5.338997
1530	-5727.361	-5901.335	173.9741	1.138988	5.562169
1536	-5711.932	-5887.16	175.2276	1.08049	4.901412
1542	-5722.418	-5897.743	175.3254	1.301712	4.723403
1548	-5714.357	-5889.789	175.4319	1.195229	4.723403
1554	-5712.707	-5888.476	175.7698	1.21324	4.523864
1560	-5715.767	-5890.695	174.9279	1.244024	4.977155
1566	-5724.24	-5898.839	174.5993	1.193192	5.187616
1572	-5730.748	-5905.712	174.9638	1.186271	4.989305
1578	-5729.03	-5904.072	175.0424	1.171538	4.953838
1584	-5725.164	-5900.292	175.128	1.173987	4.904825
1590	-5714.173	-5889.038	174.8648	1.16542	5.055862
1596	-5717.622	-5892.939	175.3168	1.112014	4.834153
1602	-5717.914	-5891.11	173.1959	1.017592	6.054345
1608	-5718.319	-5891.477	173.1575	1.056004	6.054345
1614	-5721.329	-5897.354	176.0244	1.161484	4.409644
1620	-5707.275	-5881.072	173.7962	1.104625	5.678665
1626	-5708.097	-5882.391	174.2939	1.172751	5.367548
1632	-5709.948	-5884.753	174.8048	1.131075	5.108202
1638	-5712.118	-5886.97	174.8517	1.058679	5.122299
1644	-5720.894	-5896.139	175.2449	1.133708	4.862153
1650	-5725.504	-5900.17	174.6668	1.149218	5.174579
1656	-5716.423	-5891.872	175.4483	1.179138	4.723228
1662	-5716.77	-5891.862	175.0914	1.103122	4.964605
1668	-5711.41	-5887.704	176.2936	1.356518	4.146808
1674	-5714.207	-5889.744	175.5377	1.221901	4.649257
1680	-5717.808	-5892.776	174.9672	1.221587	4.967832
1686	-5734.349	-5909.371	175.0223	1.166464	4.967832
1692	-5717.425	-5890.795	173.3701	1.010719	5.963119
1698	-5726.697	-5899.464	172.7662	1.014244	6.289939
1704	-5725.45	-5898.119	172.6695	1.101094	6.295324
1710	-5721.278	-5893.729	172.4513	0.9969149	6.470232
1716	-5723.675	-5896.147	172.4722	0.979578	6.468297
1722	-5722.45	-5898.116	175.6654	1.196254	4.592063
1728	-5712.085	-5887.174	175.0881	1.178129	4.924744
1734	-5725.624	-5900.767	175.1426	1.123619	4.924744
1740	-5714.182	-5887.303	173.1208	1.03783	6.084252
1746	-5717.033	-5890.135	173.1024	1.056271	6.084252
1752	-5718.755	-5892.528	173.7731	1.067323	5.711767
1758	-5711.2	-5885.539	174.3394	1.079819	5.393728
1764	-5722.31	-5894.754	172.4435	0.9777927	6.484774
1770	-5725.551	-5898.753	173.202	1.030119	6.044208
1776	-5715.389	-5888.29	172.9009	1.068575	6.187213
1782	-5725.332	-5896.841	171.5083	1.044073	6.954194
1788	-5714.399	-5886.001	171.6022	0.9276958	6.966299
1794	-5705.661	-5879.489	173.8282	1.073116	5.678409
1800	-5710.376	-5884.191	173.8149	1.044589	5.70133
1806	-5722.823	-5896.606	173.7836	1.07584	5.70133
1812	-5723.225	-5897.492	174.2668	1.10789	5.418264
1818	-5718.385	-5890.91	172.5248	1.059661	6.39637
1824	-5717.591	-5892.652	175.0612	1.158161	4.950832
1830	-5719.291	-5892.535	173.2441	1.160741	5.949977
1836	-5718.298	-5892.922	174.6244	1.10294	5.223614
1842	-5713.967	-5887.484	173.5176	1.01087	5.88245
1848	-5719.513	-5893.512	173.9992	1.176653	5.527688
1854	-5708.539	-5883.966	175.4274	1.218336	4.713009
1860	-5710.64	-5885.963	175.3224	1.075973	4.851137
1866	-5710.148	-5884.006	173.8578	1.115453	5.638926
1872	-5714.843	-5888.407	173.5641	1.056325	5.832209
1878	-5708.226	-5882.022	173.7965	1.095831	5.683306
1884	-5714.337	-5888.543	174.2059	1.192453	5.405235
1890	-5717.505	-5891.758	174.2533	1.074983	5.443809
1896	-5721.294	-5893.553	172.2585	1.107283	6.514844
1902	-5717.276	-5890.589	173.3135	1.056191	5.96917
1908	-5720.826	-5894.068	173.2417	1.139755	5.962736
1902	-5772.74	-5947.378	174.6374	1.10329	5.216276
1908	-5756.632	-5928.954	172.3222	1.103454	6.482455
1914	-5729.585	-5904.137	174.5519	1.202775	5.208493
1920	-5725.734	-5901.642	175.9075	1.217024	4.444258
1926	-5737.14	-5913.102	175.9629	1.161635	4.444258
1932	-5732.84	-5906.803	173.963	1.076118	5.602782
1938	-5733.234	-5906.974	173.7399	1.076118	5.725147
1944	-5712.024	-5885.805	173.7804	1.035636	5.725147
1950	-5719.266	-5893.205	173.9381	1.07821	5.615294
1956	-5712.763	-5886.692	173.9282	1.088122	5.615294
1962	-5726.6	-5900.599	173.9987	1.174927	5.528874
1968	-5717.972	-5893.053	175.0813	1.255768	4.88528
1974	-5704.2	-5878.322	174.1218	1.147917	5.476026
1980	-5707.608	-5881.73	174.1218	1.147917	5.476026
1986	-5708.498	-5883.294	174.7958	1.103184	5.12862
1992	-5714.996	-5888.425	173.4292	1.02913	5.920772
1998	-5718.418	-5892.322	173.9043	1.104763	5.6193
2004	-5718.422	-5892.109	173.6878	1.079888	5.751628
2010	-5713.076	-5885.552	172.4766	1.079888	6.411512
2016	-5722.695	-5895.121	172.4256	1.130906	6.411512
2022	-5710.85	-5883.329	172.4797	1.071232	6.414527
2028	-5702.581	-5876.185	173.6045	1.071232	5.801941
2034	-5710.903	-5884.611	173.7076	1.182285	5.684645
2040	-5708.715	-5883.306	174.5912	1.182285	5.198111
2046	-5703.764	-5878.4	174.6356	1.137921	5.198111
2052	-5708.781	-5881.842	173.0607	1.098145	6.084146
2058	-5701.474	-5875.331	173.8569	1.081596	5.657976
2064	-5708.46	-5882.306	173.846	1.086137	5.661461
2070	-5713.975	-5887.026	173.0516	1.086137	6.095603
2076	-5701.792	-5874.84	173.0482	1.089542	6.095603
2082	-5708.938	-5882.901	173.9626	1.130193	5.573306
2088	-5705.039	-5878.805	173.7656	1.047516	5.726741
2094	-5707.319	-5881.088	173.769	1.044099	5.726741
2100	-5722.05	-5894.156	172.1061	0.9695559	6.671836
2106	-5715.257	-5887.755	172.4979	1.029624	6.427203
2112	-5713.446	-5885.271	171.8256	1.007005	6.80312
2118	-5721.298	-5895.995	174.697	1.073191	5.19994
2124	-5723.939	-5897.004	173.0649	1.043842	6.111405
2130	-5710.365	-5883.537	173.1724	0.9174756	6.121699
2136	-5716.515	-5889.125	172.61	0.9475437	6.410948
2142	-5725.534	-5898.065	172.5316	1.015666	6.416497
2148	-5724.002	-5898.957	174.9545	1.131167	5.025077
2154	-5720.523	-5895.431	174.908	1.177701	5.025077
2160	-5711.992	-5885.067	173.0745	1.067911	6.093071
2166	-5715.786	-5888.892	173.1062	1.036202	6.093071
2172	-5711.2	-5884.235	173.0358	1.10665	6.093071
2178	-5720.627	-5893.675	173.0482	1.094216	6.093071
2184	-5725.272	-5900.074	174.8022	1.079917	5.137958
2190	-5724.856	-5898.546	173.69	1.113849	5.731816
2196	-5728.113	-5901.814	173.7009	1.102923	5.731816
2202	-5728.203	-5901.991	173.7881	1.015674	5.731816
2208	-5726.521	-5900.579	174.0585	1.127725	5.521945
2214	-5721.314	-5892.97	171.6561	1.100417	6.84413
2220	-5720.525	-5892.582	172.0571	0.9670858	6.699652
2226	-5721.447	-5893.99	172.5425	1.001128	6.418505
2232	-5718.037	-5890.397	172.36	1.080856	6.4742
2238	-5720.874	-5895.63	174.7568	1.079091	5.163552
2244	-5705.974	-5879.306	173.3317	1.069373	5.952051
2250	-5707.209	-5880.071	172.8623	1.039345	6.224084
2256	-5707.283	-5880.559	173.2757	1.089957	5.971378
2262	-5711.572	-5885.045	173.4726	1.022264	5.900832
2268	-5712.36	-5885.857	173.4979	0.9969475	5.900832
2274	-5711.298	-5884.012	172.714	0.9866745	6.333287
2280	-5714.347	-5886.101	171.7547	0.9394373	6.877797
2286	-5703.925	-5877.634	173.7086	1.096118	5.731338
2292	-5703.365	-5877.051	173.6853	1.119421	5.731338
2298	-5712.123	-5886.376	174.2536	1.116379	5.420835
2304	-5712.582	-5885.941	173.3599	1.080076	5.930799
2310	-5716.069	-5889.524	173.4548	0.9851807	5.930799
2316	-5724.618	-5897.371	172.7538	1.00586	6.30127
2322	-5720.121	-5895.797	175.6762	1.297066	4.529368
2328	-5726.041	-5901.664	175.6234	1.172899	4.628687
2334	-5728.575	-5903.446	174.8712	1.172899	5.048202
2340	-5733.807	-5909.275	175.4684	1.214021	4.692486
2346	-5722.372	-5897.821	175.4488	1.233572	4.692486
2352	-5719.23	-5892.298	173.0678	0.9976749	6.134999
2358	-5726.409	-5899.092	172.6829	1.058914	6.31097
2364	-5729.419	-5902.131	172.7118	1.029932	6.31097
2370	-5741.218	-5913.185	171.9664	1.005208	6.728051
2376	-5726.815	-5900.724	173.9086	1.005208	5.671553
2382	-5721.488	-5893.686	172.1981	1.073349	6.565933
2388	-5715.02	-5888.105	173.0854	1.015549	6.115644
2394	-5721.442	-5894.253	172.8113	1.289662	6.115644
2400	-5719.124	-5895.979	176.8555	1.289662	3.864003
2406	-5713.988	-5889.207	175.2191	1.14573	4.869851
2412	-5713.315	-5889.067	175.7517	1.223308	4.528365
2418	-5706.673	-5882.375	175.7016	1.273414	4.528365
2424	-5711.942	-5888.421	176.4789	1.273414	4.088654
2430	-5723.042	-5897.784	174.742	1.273414	5.064079
2436	-5717.682	-5892.71	175.0284	1.199995	4.945796
2442	-5718.573	-5893.891	175.3179	1.15612	4.808921
2448	-5716.209	-5892.084	175.8744	1.168951	4.489957
2454	-5712.068	-5887.638	175.5708	1.269186	4.604226
2460	-5707.154	-5881.615	174.4611	1.158173	5.283377
2406	-5729.593	-5905.37	175.7763	1.255657	4.49635
2412	-5728.662	-5903.384	174.7224	1.108156	5.166517
2418	-5741.524	-5916.137	174.6132	1.217375	5.166517
2424	-5712.224	-5886.83	174.6063	1.224235	5.166517
2430	-5719.48	-5894.055	174.5748	1.106952	5.248858
2436	-5715.34	-5889.245	173.9054	1.106952	5.617462
2442	-5712.736	-5885.517	172.7812	1.037569	6.269164
2448	-5725.965	-5898.729	172.7637	1.055074	6.269164
2454	-5718.773	-5892.292	173.5197	1.049867	5.860025
2460	-5722.826	-5896.239	173.4132	1.156328	5.860025
2466	-5719.249	-5892.725	173.4766	1.092896	5.860025
2472	-5712.237	-5887.266	175.0292	1.21531	4.936806
2478	-5722.647	-5897.676	175.0292	1.21531	4.936806
2484	-5717.083	-5892.835	175.7523	1.201972	4.540069
2490	-5713.038	-5886.073	173.035	1.178877	6.054137
2496	-5719.37	-5893.052	173.6821	1.096045	5.745874
2502	-5720.159	-5893.85	173.6903	1.087813	5.745874
2508	-5734.901	-5908.119	173.2178	0.9775153	6.064284
2514	-5721.112	-5893.471	172.3583	0.9500295	6.545954
2520	-5724.52	-5897.099	172.5794	0.9763426	6.411936
2526	-5719.636	-5891.08	171.4443	0.992648	7.016347
2532	-5715.273	-5886.753	171.4796	0.9573759	7.016347
2538	-5735.204	-5908.977	173.7725	1.031091	5.731965
2544	-5718.161	-5889.761	171.5998	0.9958093	6.930898
2550	-5711.443	-5886.634	175.1907	1.135649	4.891268
2556	-5722.484	-5897.013	174.5285	1.14028	5.255985
2562	-5726.406	-5898.96	172.5547	0.9893226	6.418279
2568	-5722.926	-5894.57	171.6442	0.9893226	6.910457
2574	-5716.309	-5888.805	172.4958	0.9893226	6.450182
2580	-5712.967	-5885.481	172.5143	0.9709036	6.450182
2586	-5716.332	-5889.731	173.3988	1.124725	5.885155
2592	-5712.002	-5885.455	173.4536	1.069894	5.885155
2598	-5720.42	-5895.604	175.1838	1.183724	4.868336
2604	-5709.679	-5884.181	174.5016	1.183724	5.246843
2610	-5712.09	-5886.921	174.8314	1.182669	5.064823
2616	-5710.647	-5885.567	174.9204	1.093677	5.064823
2622	-5715.106	-5889.96	174.8538	1.160252	5.064823
2628	-5724.027	-5898.866	174.8385	1.160252	5.073354
2634	-5731.463	-5906.94	175.4768	1.242234	4.67198
2640	-5718.319	-5893.857	175.5374	1.242234	4.638053
2646	-5716.924	-5891.802	174.8778	1.12715	5.069873
2652	-5714.078	-5889.272	175.1939	1.196823	4.855384
2658	-5705.598	-5881.155	175.5565	1.144374	4.682145
2664	-5704.506	-5878.508	174.002	1.209956	5.507801
2670	-5715.201	-5889.19	173.9893	1.112632	5.568261
2676	-5717.783	-5891.43	173.6473	1.071612	5.778292
2682	-5712.867	-5887.39	174.5235	1.128041	5.26554
2688	-5712.977	-5887.78	174.8029	1.16353	5.091282
2694	-5721.284	-5896.098	174.8143	1.152117	5.091282
2700	-5728.026	-5902.68	174.6537	1.065835	5.227928
2706	-5723.893	-5896.935	173.0421	1.066662	6.111423
2712	-5722.531	-5895.008	172.4771	1.040833	6.432438
2718	-5718.535	-5890.573	172.038	1.070555	6.654021
2724	-5718.091	-5889.84	171.7495	1.032631	6.830332
2730	-5708.409	-5881.874	173.4659	1.032631	5.898836
2736	-5713.654	-5886.542	172.8887	1.000381	6.230909
2742	-5717.043	-5890.297	173.254	0.9537288	6.057471
2748	-5696.218	-5870.906	174.6879	1.06151	5.211427
2754	-5705.357	-5878.653	173.2961	1.028622	5.993702
2760	-5715.481	-5888.884	173.4027	1.051771	5.922891
2766	-5713.76	-5887.158	173.3978	1.056689	5.922891
2772	-5710.462	-5886.723	176.2611	1.190137	4.259684
2778	-5711.032	-5886.083	175.0504	1.143569	4.964935
2784	-5716.718	-5890.429	173.7111	1.175029	5.686718
2790	-5717.165	-5889.191	172.0257	1.021521	6.687193
2796	-5724.172	-5896.972	172.7996	1.004157	6.277303
2802	-5716.297	-5890.867	174.5704	1.169899	5.216446
2808	-5708.275	-5883.205	174.9298	1.126333	5.04152
2814	-5716.022	-5890.653	174.6309	1.177684	5.178694
2820	-5722.343	-5896.02	173.6767	0.9645369	5.82079
2826	-5712.072	-5885.678	173.6063	1.035015	5.82079
2832	-5707.299	-5881.191	173.8924	1.08627	5.635977
2838	-5714.146	-5888.562	174.4166	1.14518	5.315079
2844	-5724.808	-5900.302	175.4945	1.269544	4.646752
2850	-5718.404	-5890.862	172.4579	0.9507728	6.491637
2856	-5720.324	-5892.767	172.4427	0.9659696	6.491637
2862	-5714.025	-5886.458	172.433	0.9756804	6.491637
2868	-5709.481	-5882.119	172.6386	0.9910435	6.371846
2874	-5716.388	-5891.94	175.5522	1.159663	4.676003
2880	-5714.338	-5888.317	173.9795	0.9709347	5.651446
2886	-5719.664	-5893.008	173.3439	1.110299	5.923012
2892	-5735.459	-5909.345	173.8869	1.076032	5.644597
2898	-5729.253	-5906.011	176.7579	1.227325	3.955675
2904	-5733.39	-5906.664	173.2732	1.040093	5.999929
2910	-5728.614	-5903.245	174.6311	1.164125	5.186089
2916	-5723.366	-5897.983	174.6167	1.178498	5.186089
2922	-5731.902	-5907.15	175.2483	1.168003	4.841149
2928	-5734.087	-5909.188	175.1014	1.168569	4.922633
2934	-5718.895	-5891.901	173.0068	0.9699807	6.183268
2940	-5717.062	-5891.732	174.6704	1.164433	5.164145
2946	-5718.839	-5893.089	174.2498	1.124971	5.418232
2952	-5713.335	-5886.388	173.0533	1.074879	6.100823
2958	-5712.879	-5887.697	174.8176	1.172765	5.077984
2964	-5720.716	-5895.755	175.0395	1.147204	4.968959
2904	-5725.825	-5899.771	173.9466	1.031415	5.636345
2910	-5722.961	-5896.09	173.1291	0.9462462	6.129601
2916	-5727.921	-5900.723	172.8021	1.032052	6.260788
2922	-5716.618	-5891.857	175.239	1.136645	4.863802
2928	-5720.215	-5895.27	175.0553	1.181105	4.941318
2934	-5725.784	-5901.688	175.9039	1.181105	4.466504
2940	-5722.406	-5897.54	175.1339	1.258785	4.854297
2946	-5712.445	-5887.647	175.2022	1.190468	4.854297
2952	-5715	-5890.062	175.0616	1.210215	4.9216
2958	-5712.268	-5887.37	175.1024	1.169492	4.9216
2964	-5715.39	-5890.449	175.0586	1.213253	4.9216
2970	-5708.452	-5883.557	175.1051	1.199849	4.903192
2976	-5708.204	-5883.316	175.1122	1.192708	4.903192
2982	-5708.438	-5883.81	175.3721	1.192708	4.758248
2988	-5708.454	-5881.854	173.4001	1.14623	5.872703
2994	-5715.74	-5887.829	172.089	0.9952282	6.667214
3000	-5709.68	-5883.372	173.6927	1.157785	5.706265
3006	-5711.007	-5883.634	172.6279	1.048517	6.346443
3012	-5724.504	-5897.132	172.6279	1.048517	6.346443
3018	-5713.45	-5886.038	172.5881	1.088347	6.346443
3024	-5717.458	-5890.499	173.0412	0.9866256	6.155451
3030	-5727.37	-5899.6	172.2296	1.092933	6.538307
3036	-5722.176	-5894.445	172.2684	1.054097	6.538307
3042	-5718.281	-5890.567	172.2862	1.001268	6.557238
3048	-5724.142	-5896.43	172.2883	0.9992567	6.557238
3054	-5717.151	-5889.433	172.2822	1.005319	6.557238
3060	-5712.51	-5888.859	176.3485	1.288261	4.154404
3066	-5728.44	-5903.317	174.877	1.250793	5.001718
3072	-5717.571	-5892.248	174.6767	1.206996	5.137085
3078	-5720.133	-5894.916	174.7827	1.10103	5.137085
3084	-5715.788	-5890.807	175.0194	1.234817	4.931389
3090	-5698.682	-5874.228	175.546	1.242311	4.633172
3096	-5704.571	-5880.028	175.4565	1.173457	4.721812
3102	-5713.196	-5886.725	173.5287	1.045919	5.857242
3108	-5710.855	-5884.204	173.3493	1.014336	5.972478
3114	-5715.808	-5887.923	172.1147	1.063186	6.61653
3120	-5714.081	-5886.086	172.0052	0.9973926	6.711303
3126	-5722.23	-5894.235	172.0052	0.9973926	6.711303
3132	-5724.877	-5896.93	172.0531	0.9494864	6.711303
3138	-5723.231	-5897.018	173.7871	1.117246	5.676746
3144	-5717.112	-5890.938	173.8255	1.078793	5.676746
3150	-5717.538	-5890.506	172.9676	1.094098	6.137012
3156	-5713.714	-5885.609	171.8945	1.046151	6.744782
3162	-5712.217	-5885.815	173.5978	1.176386	5.748026
3168	-5709.59	-5883.296	173.7053	1.068888	5.748026
3174	-5708.037	-5881.822	173.7842	0.9900027	5.748026
3180	-5711.076	-5883.073	171.9968	1.005033	6.711719
3186	-5709.906	-5883.627	173.7212	1.038255	5.756141
3192	-5725.653	-5899.374	173.7212	1.038255	5.756141
3198	-5723.147	-5897.228	174.081	1.097385	5.526286
3204	-5723.285	-5896.673	173.3878	1.204728	5.847442
3210	-5721.512	-5896.205	174.6935	1.175555	5.145194
3216	-5726.151	-5900.813	174.6622	1.206933	5.145194
3222	-5720.068	-5894.868	174.7998	1.224562	5.059146
3228	-5711.038	-5886.228	175.1904	1.191997	4.860057
3234	-5711.1	-5885.808	174.7078	1.192669	5.127812
3240	-5705.465	-5878.611	173.1458	1.066124	6.055223
3246	-5709.265	-5884.276	175.0109	1.193901	4.958921
3252	-5709.325	-5882.538	173.2127	0.9546363	6.079514
3258	-5716.786	-5890.391	173.6055	0.984254	5.848948
3264	-5718.166	-5890.453	172.2866	0.9549417	6.582116
3270	-5706.721	-5880.498	173.7773	1.087362	5.698478
3276	-5713.982	-5887.271	173.289	1.136745	5.938553
3282	-5697.364	-5870.724	173.3598	1.015178	5.966308
3288	-5703.457	-5877.611	174.1542	1.104268	5.482253
3294	-5715	-5887.219	172.2188	1.092439	6.544386
3300	-5713.161	-5886.703	173.5422	1.074989	5.833943
3306	-5700.809	-5874.435	173.6256	1.119805	5.763821
3312	-5706.694	-5881.489	174.7953	1.120626	5.119246
3318	-5708.73	-5881.931	173.2015	1.174584	5.965682
3324	-5704.859	-5880.062	175.2025	1.178728	4.860682
3330	-5715.905	-5890.186	174.281	1.081469	5.424997
3336	-5717.693	-5891.722	174.0287	1.099344	5.553951
3342	-5723.245	-5894.907	171.6618	1.030283	6.878886
3348	-5719.764	-5892.121	172.3573	0.9453599	6.549045
3306	-5744.474	-5917.466	172.9912	1.078386	6.132765
3312	-5738.024	-5910.536	172.5119	0.9675161	6.453282
3318	-5740.579	-5913.125	172.5464	1.064939	6.381774
3324	-5723.888	-5899.321	175.4333	1.203141	4.718186
3330	-5733.05	-5906.714	173.6641	1.141266	5.730971
3336	-5723.417	-5898.219	174.8012	1.205824	5.068767
3342	-5720.993	-5895.795	174.8022	1.204795	5.068767
3348	-5722.731	-5897.679	174.9484	1.18777	4.997064
3354	-5724.833	-5899.803	174.9704	1.165749	4.997064
3360	-5709.103	-5884.082	174.9784	1.157726	4.997064
3366	-5713.294	-5888.251	174.9565	1.179607	4.997064
3372	-5714.337	-5890.297	175.9595	1.180474	4.435534
3378	-5719.298	-5893.462	174.1643	1.10276	5.4775
3384	-5706.135	-5880.299	174.1643	1.10276	5.4775
3390	-5716.482	-5891.051	174.5685	1.122068	5.243962
3396	-5715.754	-5890.364	174.6101	1.080446	5.243962
3402	-5730.33	-5902.321	171.9915	0.8909923	6.776152
3408	-5724.671	-5896.49	171.8194	1.063127	6.776152
3414	-5725.737	-5898.697	172.9608	0.9695728	6.208503
3420	-5715.974	-5889.063	173.0892	1.063939	6.087222
3426	-5713.836	-5886.942	173.106	1.047151	6.087222
3432	-5715.495	-5888.292	172.7969	1.066391	6.244948
3438	-5704.304	-5878.539	174.2352	1.156112	5.409118
3444	-5708.538	-5882.57	174.0316	1.076188	5.565066
3450	-5711.909	-5887.236	175.3271	1.299787	4.723556
3456	-5714.53	-5887.653	173.1225	1.156747	6.018524
3462	-5727.456	-5900.681	173.2255	1.128812	5.977579
3468	-5710.99	-5884.789	173.7991	1.102066	5.67846
3474	-5720.865	-5894.546	173.6817	0.9650363	5.817797
3480	-5704.92	-5878.481	173.5612	1.085588	5.817797
3486	-5711.734	-5886.017	174.2837	1.046654	5.44269
3492	-5716.091	-5889.17	173.0791	0.9774869	6.139822
3498	-5714.111	-5887.362	173.2507	0.9938509	6.037436
3504	-5715.021	-5887.17	172.1494	1.011751	6.625617
3510	-5718.646	-5892.323	173.6768	1.049084	5.774511
3516	-5707.211	-5880.847	173.6365	1.086941	5.775816
3522	-5730.785	-5903.28	172.4945	0.9764132	6.457904
3528	-5726.015	-5898.486	172.4709	0.9809061	6.468277
3534	-5733.382	-5906.652	173.2699	1.079332	5.980326
3540	-5735.3	-5906.651	171.351	1.090494	7.013925
3546	-5739.08	-5912.031	172.9506	1.005183	6.194648
3552	-5721.711	-5894.635	172.9237	1.032066	6.194648
3558	-5724.211	-5898.364	174.153	1.136602	5.465119
3564	-5714.685	-5887.423	172.7384	1.044933	6.288415
3570	-5715.997	-5891.15	175.1535	1.169268	4.893245
3576	-5719.098	-5894.197	175.0994	1.223427	4.893245
3582	-5714.632	-5888.976	174.3433	1.102768	5.378893
3588	-5730.989	-5905.076	174.0866	1.091513	5.526409
3594	-5733.21	-5909.468	176.2587	1.174687	4.269802
3600	-5732.375	-5907.706	175.3311	1.162397	4.798059
3606	-5738.632	-5912.479	173.8471	1.162397	5.619053
3612	-5726.717	-5899.224	172.507	1.164157	6.349294
3618	-5719.796	-5892.436	172.6402	1.030992	6.349294
3624	-5715.166	-5887.781	172.6147	1.056459	6.349294
3630	-5709.101	-5882.258	173.1573	0.9525634	6.110784
3636	-5719.31	-5892.446	173.1364	0.9735359	6.110784
3642	-5720.25	-5895.443	175.1928	1.140662	4.887281
3648	-5715.975	-5891.161	175.1859	1.147625	4.887281
3654	-5724.544	-5899.757	175.2128	1.230353	4.826152
3660	-5712.99	-5887.253	174.2626	1.043953	5.455758
3666	-5710.341	-5884.124	173.7833	1.152221	5.659629
3672	-5711.148	-5888.818	177.67	1.367757	3.345672
3678	-5716.847	-5892.816	175.9693	1.215519	4.410256
3684	-5706.073	-5880.813	174.7401	1.225479	5.091732
3690	-5698.097	-5873.137	175.0401	1.218597	4.928929
3696	-5712.007	-5887.082	175.0749	1.18382	4.928929
3702	-5721.082	-5895.166	174.0835	1.043959	5.554284
3708	-5722.626	-5896.603	173.9763	1.151167	5.554284
3714	-5723.573	-5897.983	174.4104	1.151167	5.315192
3720	-5725.688	-5901.798	176.1097	1.278375	4.295441
3726	-5724.745	-5900.738	175.9924	1.240072	4.383366
3732	-5719.941	-5892.984	173.0429	0.9659998	6.165759
3738	-5720.314	-5893.899	173.5852	1.042578	5.828184
3744	-5724.368	-5898.509	174.141	1.144853	5.467164
3750	-5715.905	-5890.057	174.1524	1.133475	5.467164
3756	-5721.381	-5893.389	172.0081	1.032805	6.69061
3762	-5727.501	-5899.509	172.0081	1.032805	6.69061
3768	-5733.414	-5905.443	172.0296	1.011353	6.69061
3774	-5715.322	-5887.913	172.5913	1.069142	6.355109
3780	-5729.419	-5904.13	174.7116	1.180467	5.132495
3786	-5730.541	-5906.785	176.244	1.270436	4.223863
3792	-5712.639	-5885.009	172.3706	0.989923	6.517702
3798	-5716.426	-5889.47	173.0443	1.097164	6.09359
3804	-5713.531	-5888.184	174.6527	1.141493	5.186639
3810	-5707.121	-5881.824	174.7027	1.121917	5.169844
3816	-5718.428	-5894.228	175.8	1.258512	4.481403
3822	-5723.406	-5898.888	175.4828	1.236469	4.671859
3828	-5718.145	-5892.634	174.4892	1.023361	5.342243
3834	-5714.786	-5889.056	174.2698	1.242731	5.342243
3840	-5711.196	-5885.628	174.4316	1.231129	5.259361
3846	-5714.3	-5888.594	174.2933	1.18433	5.361518
3852	-5709.39	-5883.73	174.3407	1.18433	5.335357
3858	-5708.82	-5883.26	174.4403	1.13115	5.309739
3864	-5711.142	-5884.851	173.7086	1.102315	5.727923
3804	-5714.817	-5889.535	174.7183	1.075936	5.186639
3810	-5720.384	-5895.192	174.8078	1.184734	5.076807
3816	-5730.275	-5905.426	175.1509	1.152067	4.904309
3822	-5717.317	-5891.204	173.8874	1.163439	5.596363
3828	-5714.475	-5889.285	174.8105	1.181058	5.077311
3834	-5715.077	-5889.642	174.5654	1.08812	5.26444
3840	-5726.365	-5898.591	172.226	0.9950449	6.593194
3846	-5714.045	-5886.258	172.2131	1.00798	6.593194
3852	-5717.371	-5891.783	174.412	1.108509	5.337885
3858	-5719.976	-5894.341	174.3659	1.154595	5.337885
3864	-5716.384	-5891.014	174.6306	1.222895	5.153841
3870	-5717.817	-5892.204	174.3868	1.221874	5.28918
3876	-5718.611	-5893.564	174.9527	1.221874	4.975687
3882	-5720.546	-5895.855	175.3096	1.248544	4.761996
3888	-5728.521	-5904.387	175.8663	1.2064	4.473444
3894	-5726.04	-5900.877	174.8364	1.2064	5.0489
3900	-5727.905	-5902.261	174.356	1.202053	5.31715
3906	-5726.769	-5901.388	174.6194	1.131008	5.210886
3912	-5717.299	-5890.153	172.854	1.057687	6.218656
3918	-5715.586	-5888.415	172.8296	1.082078	6.218656
3924	-5718.894	-5891.915	173.0214	1.033631	6.14067
3930	-5721.963	-5894.984	173.0214	1.033631	6.14067
3936	-5711.54	-5884.463	172.9223	1.132671	6.14067
3942	-5714.027	-5887.545	173.5188	1.046469	5.862328
3948	-5714.878	-5888.379	173.5018	1.063503	5.862328
3954	-5714.536	-5886.809	172.2738	0.9367022	6.598936
3960	-5713.16	-5886.929	173.7688	1.081729	5.706224
3966	-5722.646	-5895.603	172.9573	1.138777	6.118295
3972	-5734.687	-5908.12	173.4331	1.01203	5.928004
3978	-5719.707	-5892.306	172.5981	1.01203	6.382446
3984	-5719.293	-5892.019	172.7269	0.9957321	6.321373
3990	-5719.194	-5892.587	173.3932	1.077885	5.913797
3996	-5716.255	-5889.716	173.4609	1.010205	5.913797
4002	-5720.276	-5893.766	173.4895	0.9815752	5.913797
4008	-5712.224	-5885.736	173.5117	0.9594074	5.913797
4014	-5710.693	-5883.838	173.145	1.029369	6.075676
4020	-5708.966	-5882.336	173.3708	1.087382	5.920862
4026	-5710.575	-5883.939	173.3644	0.9643758	5.991487
4032	-5715.392	-5890.682	175.2907	1.082258	4.865317
4038	-5711.294	-5886.832	175.5378	1.11283	4.710278
4044	-5726.617	-5902.184	175.5667	1.024004	4.743764
4050	-5712.821	-5886.338	173.517	1.048593	5.862165
4056	-5733.041	-5906.531	173.4904	1.075172	5.862165
4062	-5717.954	-5891.832	173.8779	1.058402	5.659174
4068	-5713.286	-5886.964	173.6778	1.107018	5.742208
4074	-5710.291	-5884.163	173.8716	1.141745	5.61695
4080	-5716.414	-5890.347	173.9331	1.0802	5.61695
4086	-5708.003	-5882.062	174.0584	1.118519	5.527093
4092	-5720.263	-5894.615	174.3524	1.141591	5.352513
4098	-5724.195	-5898.65	174.4549	1.039064	5.352513
4104	-5715.569	-5887.58	172.0109	1.031463	6.689848
4110	-5721.426	-5892.404	170.9786	0.9578373	7.285408
4116	-5714.511	-5888.742	174.2312	1.197405	5.388573
4122	-5719.721	-5892.317	172.596	1.046966	6.364612
4128	-5725.299	-5898.749	173.4503	1.082482	5.880133
4134	-5716.453	-5889.988	173.5342	0.9985211	5.880133
4140	-5724.58	-5898.063	173.4831	1.071199	5.868348
4146	-5727.425	-5900.916	173.4914	1.062872	5.868348
4152	-5727.583	-5900.063	172.4806	1.024812	6.439205
4158	-5735.868	-5908.08	172.212	0.9638861	6.617613
4164	-5723.849	-5896.116	172.2664	1.047407	6.543032
4170	-5714.516	-5886.793	172.2771	1.036705	6.543032
4176	-5709.175	-5882.123	172.9478	1.066036	6.1631
4182	-5710.995	-5884.252	173.2567	0.987506	6.03762
4188	-5712.098	-5884.625	172.5274	0.9984057	6.428167
4194	-5709.484	-5883.319	173.8349	0.9984057	5.715642
4200	-5714.993	-5886.546	171.5532	0.9756999	6.966829
4206	-5724.458	-5897.914	173.4559	1.097377	5.868881
4212	-5731.501	-5905.202	173.7008	1.195642	5.681041
4218	-5727.25	-5902.831	175.5811	1.195642	4.639663
4224	-5730.407	-5904.978	174.5712	1.081055	5.26511
4230	-5723.642	-5897.273	173.6314	1.082261	5.781172
4236	-5715.951	-5890.307	174.3556	1.13278	5.355618
4242	-5713.914	-5888.986	175.0727	1.070181	4.993294
4248	-5716.546	-5891.707	175.1613	1.082485	4.937209
4254	-5717.661	-5891.094	173.4336	1.060458	5.901246
4260	-5711.536	-5884.861	173.3247	1.169351	5.901246
4266	-5726.646	-5900.024	173.3782	1.115864	5.901246
4272	-5715.392	-5889.826	174.4346	1.129857	5.31363
4278	-5712.205	-5887.265	175.0605	1.215867	4.919092
4284	-5717.709	-5891.02	173.3103	0.9946611	6.004504
4290	-5712.897	-5886.493	173.5962	1.034419	5.82662
4296	-5722.291	-5895.957	173.6663	1.065923	5.771018
4302	-5702.39	-5878.351	175.9608	1.20237	4.422477
4308	-5713.059	-5888.931	175.8725	1.25232	4.444074
4314	-5712.762	-5888.144	175.3822	1.25232	4.719279
4320	-5714.008	-5888.328	174.3194	1.127092	5.378711
4326	-5721.017	-5895.698	174.6809	1.066614	5.212495
4332	-5717.046	-5890.395	173.3495	1.057976	5.948542
4338	-5714.212	-5887.852	173.6401	1.078886	5.778244
4344	-5715.587	-5889.077	173.4901	1.043404	5.879732
4350	-5716.343	-5889.29	172.9472	1.052506	6.170791
4302	-5728.016	-5903.106	175.0898	1.158196	4.934875
4308	-5720.848	-5893.965	173.1171	1.125582	6.038429
4314	-5718.431	-5891.419	172.9872	1.025897	6.163483
4320	-5726.789	-5903.125	176.3365	1.282817	4.164326
4326	-5702.698	-5877.388	174.6899	1.188156	5.14022
4332	-5712.705	-5887.556	174.8508	1.24112	5.021619
4338	-5715.846	-5888.81	172.9647	1.051407	6.161844
4344	-5711.338	-5885.29	173.9523	1.044222	5.626179
4350	-5714.939	-5889.019	174.0802	1.07586	5.538541
4356	-5715.914	-5890.021	174.1071	1.048962	5.538541
4362	-5727.202	-5900.713	173.5116	1.014985	5.88349
4368	-5718.088	-5890.182	172.0944	0.9576308	6.684598
4374	-5713.528	-5886.377	172.8495	0.9593099	6.274555
4380	-5707.377	-5880.223	172.8457	1.061814	6.22091
4386	-5704.634	-5876.124	171.4895	0.9422473	7.019142
4392	-5718.427	-5892.106	173.6783	1.097955	5.746918
4398	-5721.876	-5896.057	174.1814	1.118945	5.459189
