Iteration	Posterior	Likelihood	Prior	rate_log_sd	tree_length
0	-5892.359	-6066.62	174.2612	1.156407	5.394581
6	-5888.608	-6063.166	174.5578	1.156407	5.230907
12	-5886.119	-6061.318	175.1994	1.152666	4.87691
18	-5886.932	-6061.069	174.1363	1.094175	5.497609
24	-5890.722	-6065.846	175.1237	1.126858	4.933461
30	-5885.951	-6061.079	175.1285	1.12208	4.933461
36	-5891.905	-6065.932	174.0274	1.124327	5.54093
42	-5894.353	-6069.054	174.7011	1.081868	5.192887
48	-5891.4	-6065.989	174.5894	1.081868	5.254628
54	-5882.813	-6057.354	174.5406	1.099129	5.272065
60	-5894.262	-6068.598	174.3358	1.076165	5.397726
66	-5893.094	-6067.845	174.751	1.139091	5.13358
72	-5894.005	-6069.185	175.1795	1.060025	4.939601
78	-5877.383	-6052.36	174.9776	1.065114	5.048925
84	-5883.139	-6058.759	175.6194	1.239316	4.593674
90	-5887.295	-6063.662	176.3667	1.153962	4.22034
96	-5882.227	-6057.855	175.6276	1.10504	4.664342
102	-5882.603	-6057.001	174.3984	1.10504	5.347287
108	-5889.741	-6062.688	172.9473	1.096327	6.146848
114	-5886.431	-6060.605	174.1737	1.096327	5.475884
120	-5885.098	-6059.659	174.5614	1.013911	5.307627
126	-5889.084	-6063.428	174.3443	0.9714618	5.450692
132	-5896.411	-6068.906	172.4943	0.9932561	6.448907
138	-5892.609	-6065.096	172.4871	0.9568521	6.472531
144	-5891.786	-6067.758	175.9721	1.145012	4.448457
150	-5882.007	-6056.553	174.546	1.091163	5.273483
156	-5884.323	-6059.732	175.4089	1.132025	4.771586
162	-5889.578	-6064.63	175.0514	1.132596	4.970464
168	-5884.35	-6058.877	174.5272	1.100245	5.278815
174	-5888.998	-6065.112	176.1136	1.15051	4.365499
180	-5885.621	-6059.877	174.2562	1.040463	5.461204
186	-5880.078	-6054.334	174.2562	1.040463	5.461204
192	-5883.122	-6056.913	173.7904	1.01099	5.733152
198	-5883.818	-6058.705	174.8867	1.090366	5.085351
204	-5891.97	-6066.234	174.264	1.019952	5.468202
210	-5888.698	-6062.348	173.6501	1.019952	5.805029
216	-5889.206	-6062.774	173.5676	1.050677	5.833353
222	-5890.894	-6064.534	173.6395	0.9788075	5.833353
228	-5903.661	-6077.614	173.9528	0.9788075	5.661793
234	-5909.506	-6085.452	175.9463	1.133635	4.469343
240	-5898.605	-6073.005	174.4003	1.150615	5.321114
246	-5895.09	-6070.014	174.9241	1.198521	5.004565
252	-5884.414	-6058.394	173.9799	0.9961274	5.637389
258	-5874.15	-6048.768	174.6173	1.122376	5.216827
264	-5877.606	-6050.839	173.2323	1.105279	5.986717
270	-5869.067	-6043.473	174.4068	1.067715	5.363256
276	-5878.621	-6055.29	176.669	1.251609	3.992648
282	-5884.858	-6057.149	172.291	1.060638	6.522545
288	-5874.402	-6047.813	173.4115	1.092233	5.895968
294	-5883	-6056.473	173.4725	1.031281	5.895968
300	-5886.119	-6059.638	173.5188	1.031281	5.870669
306	-5881.545	-6055.229	173.684	1.152557	5.713886
312	-5879.497	-6053.611	174.1142	1.023208	5.548791
318	-5877.671	-6051.743	174.0728	1.039959	5.562325
324	-5878.371	-6052.505	174.1338	1.088658	5.502035
330	-5882.855	-6057.006	174.1509	1.142182	5.463195
336	-5879.586	-6054.814	175.2282	1.102038	4.889071
342	-5883.728	-6058.177	174.4489	1.20507	5.264168
348	-5890.651	-6064.942	174.2908	1.04737	5.438377
354	-5882.769	-6056.364	173.595	1.031028	5.829105
360	-5884.881	-6058.443	173.5618	0.9929579	5.868105
366	-5880.827	-6053.652	172.8247	1.034214	6.247305
372	-5880.182	-6053.555	173.3723	1.006908	5.963962
378	-5886.076	-6061.75	175.6734	1.138665	4.619845
384	-5890.905	-6066.474	175.569	1.243117	4.619845
390	-5888.732	-6064.392	175.6591	1.197316	4.59501
396	-5892.857	-6069.072	176.2148	1.197316	4.281854
402	-5891.686	-6068.061	176.3747	1.215425	4.180904
408	-5902.444	-6079.05	176.6064	1.231961	4.039584
414	-5897.042	-6073.153	176.1109	1.243026	4.314777
420	-5893.727	-6069.627	175.9001	1.294593	4.404679
426	-5885.253	-6062.607	177.3543	1.297947	3.571017
432	-5895.857	-6069.141	173.2836	1.046693	5.990644
438	-5893.033	-6065.125	172.0916	0.9673497	6.680871
444	-5891.082	-6066.187	175.1042	1.168109	4.921358
450	-5889.134	-6063.613	174.4796	1.184382	5.258662
456	-5890.937	-6067.865	176.9279	1.242689	3.849348
462	-5881.486	-6058.729	177.2437	1.246808	3.664854
468	-5888.471	-6065.429	176.9575	1.259279	3.822803
474	-5891.721	-6067.566	175.8447	1.222628	4.476481
480	-5896.665	-6072.006	175.3412	1.222628	4.758811
486	-5894.77	-6070.069	175.299	1.169378	4.812084
492	-5889.928	-6065.42	175.4923	1.124698	4.729079
498	-5887.331	-6062.352	175.0213	1.121546	4.993318
504	-5887.13	-6062.198	175.0674	1.0579	5.003094
510	-5893.466	-6068.485	175.0188	1.106467	5.003094
516	-5892.068	-6067.1	175.0325	1.092827	5.003094
522	-5888.413	-6064.148	175.7349	1.190257	4.556387
528	-5889.136	-6064.349	175.2135	1.160744	4.864552
534	-5890.203	-6065.141	174.9384	1.084126	5.060136
540	-5888.697	-6062.709	174.0122	1.162433	5.528359
546	-5902.946	-6077.338	174.3923	1.089041	5.359496
552	-5900.041	-6074.509	174.4676	1.093199	5.315633
558	-5912.509	-6086.34	173.8308	1.085353	5.670243
564	-5899.411	-6073.927	174.5162	1.047902	5.313801
570	-5889.45	-6063.385	173.9352	1.03424	5.640997
576	-5899.974	-6073.231	173.2579	1.021421	6.01849
582	-5891.839	-6065.513	173.6733	1.038856	5.781993
588	-5900.7	-6075.34	174.6405	1.169711	5.177816
594	-5896.387	-6071.113	174.7263	1.083911	5.177816
600	-5905.229	-6080.082	174.8522	1.065663	5.118171
606	-5891.879	-6065.946	174.0673	1.088552	5.538666
612	-5888.97	-6062.494	173.5239	1.053131	5.855902
618	-5894.115	-6069.02	174.9044	1.091256	5.075023
624	-5888.48	-6062.749	174.2689	1.062902	5.441862
630	-5884.618	-6058.676	174.0588	1.016793	5.582753
636	-5882.289	-6056.596	174.3075	1.098312	5.401081
642	-5892.27	-6065.703	173.433	0.9557413	5.95876
648	-5903.435	-6078.458	175.0228	1.089215	5.010471
654	-5894.559	-6069.196	174.6371	1.164896	5.182325
660	-5886.55	-6061.936	175.3861	1.076859	4.815085
666	-5876.921	-6051.147	174.2255	1.001233	5.499689
672	-5883.447	-6057.219	173.7715	1.102431	5.693398
678	-5877.275	-6052.142	174.8661	1.120536	5.080036
684	-5874.249	-6049.889	175.6399	1.120536	4.648791
690	-5888.967	-6064.266	175.2988	1.107918	4.846464
696	-5886.375	-6060.052	173.6766	1.214043	5.684216
702	-5879.501	-6053.925	174.4243	1.063223	5.356038
708	-5876.6	-6049.441	172.8405	0.9922776	6.261519
714	-5879.679	-6053.475	173.7961	1.013669	5.728573
720	-5875.625	-6051.102	175.4776	1.167153	4.713546
726	-5877.292	-6053.133	175.841	1.192528	4.495467
732	-5878.278	-6053.306	175.028	1.192528	4.950176
738	-5877.736	-6052.943	175.2078	1.169014	4.863161
744	-5868.527	-6041.981	173.4534	1.080388	5.879543
750	-5903.603	-6077.021	173.4184	1.089489	5.893722
756	-5892.803	-6065.568	172.7654	0.9912376	6.302921
762	-5888.224	-6063.006	174.7819	1.162932	5.103211
768	-5881.28	-6054.087	172.8075	0.9622861	6.295772
774	-5880.678	-6054.362	173.6841	0.9909894	5.802316
780	-5881.344	-6055.049	173.7049	0.9701953	5.802316
786	-5881.388	-6055.19	173.8018	1.049879	5.705596
792	-5877.002	-6051.157	174.1541	1.103099	5.482909
798	-5875.994	-6049.136	173.142	1.01538	6.084904
804	-5879.069	-6053.268	174.1985	1.022112	5.503073
810	-5884.248	-6058.646	174.3983	1.044038	5.380968
816	-5884.118	-6057.717	173.5991	1.044038	5.819748
822	-5888.511	-6061.87	173.3585	0.9993678	5.975605
828	-5889.208	-6062.634	173.4263	0.931583	5.975605
834	-5886.889	-6061.289	174.3993	1.07251	5.364713
840	-5881.136	-6056.058	174.9219	1.11368	5.052882
846	-5883.404	-6057.359	173.9542	1.041915	5.626373
852	-5887.148	-6061.117	173.9684	1.027738	5.626373
858	-5903.843	-6078.402	174.5583	1.053094	5.287722
864	-5902.145	-6076.036	173.8905	1.035401	5.664912
870	-5897.857	-6071.989	174.1319	1.114722	5.488758
876	-5897.052	-6070.708	173.6564	1.061124	5.779069
882	-5900.81	-6074.127	173.3171	1.110429	5.937625
888	-5895.63	-6067.804	172.1733	0.9307051	6.656512
894	-5890.814	-6065.158	174.3442	1.047367	5.408942
900	-5894.852	-6068.167	173.3149	1.050305	5.971612
906	-5896.379	-6069.596	173.2169	0.9899375	6.057955
912	-5885.353	-6061.411	176.0577	1.144171	4.400666
918	-5886.751	-6060.653	173.9028	0.9787448	5.689247
924	-5889.638	-6063.243	173.605	1.06136	5.807086
930	-5878.302	-6052.857	174.555	1.134943	5.244327
936	-5879.894	-6054.482	174.5879	1.10205	5.244327
942	-5876.284	-6050.871	174.5879	1.10205	5.244327
948	-5880.376	-6056.091	175.7151	1.052522	4.644786
954	-5880.827	-6055.515	174.688	1.160003	5.156885
960	-5885.916	-6060.306	174.3905	1.119756	5.343548
966	-5889.695	-6064.072	174.3774	1.132856	5.343548
972	-5881.776	-6056.353	174.5774	1.132856	5.233094
978	-5885.084	-6058.841	173.7569	1.098246	5.703714
984	-5890.06	-6063.465	173.4047	1.017273	5.940628
990	-5887.858	-6060.989	173.1307	1.017273	6.090034
996	-5891.42	-6065.14	173.72	1.017206	5.768274
1002	-5886.85	-6060.09	173.2403	0.9996012	6.039977
1008	-5887.311	-6060.43	173.1188	1.035654	6.086514
1014	-5889.436	-6063.02	173.5836	0.989657	5.857985
1020	-5884.722	-6059.485	174.7625	1.157363	5.117068
1026	-5883.725	-6058.487	174.7625	1.157363	5.117068
1032	-5891.529	-6063.967	172.4381	0.9484912	6.503594
1038	-5880.445	-6054.625	174.18	0.9751394	5.539061
1044	-5888.155	-6062.369	174.2142	1.107193	5.447587
1050	-5896.675	-6071.066	174.3915	1.103587	5.351916
1056	-5890.129	-6065	174.8712	1.117518	5.078887
1062	-5887.72	-6059.383	171.6628	0.9990556	6.895199
1068	-5893.652	-6066.013	172.3601	0.9389887	6.550971
1074	-5890.655	-6064.135	173.4791	1.049511	5.882363
1080	-5889.888	-6062.849	172.9616	0.9785218	6.203159
1086	-5885.354	-6057.976	172.6224	0.9829631	6.385016
1092	-5883.643	-6057.31	173.6677	0.9829631	5.815669
1098	-5880.091	-6053.706	173.6159	1.03476	5.815669
1104	-5880.109	-6053.632	173.5234	1.102547	5.82919
1110	-5876.638	-6051.106	174.468	1.117832	5.301804
1116	-5889.114	-6062.52	173.4062	1.177957	5.852002
1122	-5883.338	-6058.002	174.6639	1.181022	5.158575
1128	-5889.033	-6063.551	174.5176	1.122682	5.271736
1134	-5883.807	-6058.333	174.5259	1.047286	5.308788
1140	-5886.505	-6059.459	172.9545	0.9998595	6.195448
1146	-5881.174	-6053.843	172.6693	0.9979841	6.351395
1152	-5883.075	-6056.239	173.1641	1.082188	6.036463
1158	-5874.157	-6047.671	173.5145	1.021993	5.878095
1164	-5879.961	-6052.512	172.5501	1.082535	6.370197
1170	-5893.947	-6068.42	174.4722	1.168445	5.271566
1176	-5893.99	-6066.844	172.8539	1.038917	6.228879
1182	-5887.411	-6062.742	175.3318	1.096846	4.834278
1188	-5891.43	-6065.726	174.2956	1.17378	5.366075
1194	-5895.098	-6070.225	175.1268	1.201123	4.890363
1200	-5889.491	-6065.854	176.363	1.251611	4.167011
1206	-5890.929	-6066.209	175.2797	1.248926	4.778462
1212	-5892.625	-6067.401	174.776	1.150748	5.113245
1218	-5901.422	-6076.599	175.1768	1.187345	4.870218
1224	-5895.878	-6069.271	173.3933	1.099468	5.901977
1230	-5891.809	-6065.439	173.6297	1.055681	5.796652
1236	-5893.625	-6066.817	173.1921	1.127507	5.996487
1242	-5889.488	-6064.827	175.3394	1.178968	4.78416
1248	-5880.804	-6056.198	175.394	1.124439	4.78416
1254	-5884.418	-6059.946	175.5277	1.188507	4.673559
1260	-5880.259	-6055.935	175.6761	1.182415	4.593811
1266	-5877.218	-6052.766	175.5484	1.109878	4.705995
1272	-5885.522	-6060.658	175.1353	1.170877	4.902483
1278	-5892.913	-6067.809	174.8962	1.056024	5.099148
1284	-5890.765	-6065.482	174.7165	1.096609	5.176206
1290	-5881.786	-6056.885	175.0985	1.142831	4.938556
1296	-5881.102	-6055.301	174.1987	1.165586	5.424007
1302	-5884.466	-6060.323	175.8574	1.194386	4.485214
1308	-5887.583	-6063.49	175.907	1.225015	4.440048
1314	-5894.035	-6069.798	175.7633	1.329424	4.462168
1320	-5895.566	-6071.548	175.9819	1.180915	4.42265
1326	-5886.135	-6060.411	174.2759	1.139586	5.39578
1332	-5893.509	-6069.453	175.9438	1.202196	4.432145
1338	-5893.41	-6069.982	176.5722	1.269185	4.037891
1344	-5884.851	-6059.693	174.8414	1.126135	5.09065
1350	-5887.711	-6063.519	175.8085	1.190435	4.514923
1356	-5896.778	-6072.022	175.244	1.209346	4.820473
1362	-5888.207	-6062.512	174.3058	1.049027	5.429165
1368	-5884.516	-6057.834	173.3178	1.03599	5.977832
1374	-5895.931	-6069.625	173.6945	1.136328	5.717015
1380	-5885.908	-6059.918	174.0097	1.082258	5.573758
1386	-5891.834	-6067.583	175.7487	1.114037	4.591449
1392	-5891.376	-6067.606	176.2305	1.220455	4.259845
1398	-5884.551	-6060.444	175.8937	1.204749	4.458964
1404	-5891.574	-6066.95	175.3756	1.204018	4.749988
1410	-5888.804	-6061.918	173.1132	1.037626	6.088484
1416	-5890.247	-6063.666	173.4194	0.9257041	5.982585
1422	-5885.462	-6057.671	172.2091	0.9275783	6.638834
1428	-5887.374	-6059.474	172.0998	0.9275783	6.697907
1434	-5889.146	-6062.53	173.3846	0.8888321	6.021667
1440	-5894.395	-6066.297	171.9022	0.877794	6.831465
1446	-5894.439	-6068.456	174.0176	1.010792	5.608676
1452	-5903.97	-6080.712	176.742	1.178167	3.99287
1458	-5903.073	-6077.596	174.5227	1.021024	5.325077
1464	-5898.888	-6072.742	173.8545	0.9887799	5.710191
1470	-5888.466	-6061.577	173.1102	0.9308405	6.148286
1476	-5887.137	-6061.359	174.2219	1.038803	5.480978
1482	-5885.234	-6059.252	174.0179	1.030353	5.597776
1488	-5890.809	-6064.815	174.006	1.042213	5.597776
1494	-5886.122	-6061.938	175.8158	1.26553	4.468605
1500	-5893.828	-6066.531	172.7034	1.013579	6.324403
1506	-5889.346	-6062.624	173.2783	0.977633	6.031235
1512	-5877.399	-6051.329	173.9294	1.060077	5.630038
1518	-5880.289	-6052.909	172.6203	1.058993	6.344882
1524	-5881.49	-6054.109	172.6184	1.060892	6.344882
1530	-5884.061	-6055.933	171.8726	0.9638218	6.801062
1536	-5890.576	-6063.763	173.187	1.030193	6.052353
1542	-5893.049	-6065.985	172.9369	1.060333	6.172114
1548	-5897.795	-6071.635	173.8403	1.082194	5.666761
1554	-5892.311	-6064.689	172.3784	0.9742833	6.521981
1560	-5881.999	-6054.759	172.76	0.9263365	6.341082
1566	-5884.189	-6056.801	172.6126	0.9774216	6.393302
1572	-5888.601	-6063.439	174.8381	1.125312	5.092956
1578	-5890.522	-6065.841	175.3191	1.125312	4.82545
1584	-5892.461	-6067.801	175.3394	1.141649	4.805012
1590	-5891.732	-6065.844	174.1123	1.132002	5.490017
1596	-5891.478	-6067.132	175.654	1.161041	4.618203
1602	-5895.055	-6066.979	171.9236	0.9876324	6.760631
1608	-5897.46	-6068.455	170.9943	0.8699399	7.324167
1614	-5893.844	-6066.354	172.5098	0.9851102	6.444896
1620	-5884.077	-6057.515	173.4373	1.056426	5.90145
1626	-5886.904	-6059.431	172.527	1.099956	6.373266
1632	-5890.885	-6063.809	172.9239	1.018688	6.201861
1638	-5888.548	-6061.88	173.332	1.025783	5.975646
1644	-5887.945	-6061.3	173.355	1.002782	5.975646
1650	-5877.489	-6051.738	174.2488	1.106221	5.429105
1656	-5887.641	-6060.687	173.0451	1.030158	6.129639
1662	-5890.431	-6063.498	173.0672	1.030158	6.117601
1668	-5887.836	-6061.193	173.3565	1.009472	5.971193
1674	-5895.212	-6071.122	175.9103	1.089885	4.514237
1680	-5892.283	-6065.818	173.5353	0.992937	5.882565
1686	-5887.669	-6060.801	173.1312	0.927294	6.138801
1692	-5883.801	-6058.093	174.2913	1.061751	5.430157
1698	-5884.193	-6058.147	173.9537	1.040933	5.627206
1704	-5877.188	-6051.82	174.6321	1.114258	5.213123
1710	-5873.205	-6048.332	175.1265	1.144015	4.922324
1716	-5878.199	-6053.843	175.6441	1.132821	4.639562
1722	-5877.995	-6052.572	174.5774	1.156882	5.219819
1728	-5882.456	-6056.881	174.4258	1.128427	5.319254
1734	-5876.76	-6051.177	174.4171	1.126524	5.325141
1740	-5886.707	-6060.456	173.7484	0.9906711	5.767284
1746	-5896.522	-6070.164	173.6416	1.097417	5.767284
1752	-5891.461	-6065.538	174.0766	1.060764	5.548796
1758	-5897.487	-6071.543	174.0567	1.043012	5.56949
1764	-5892.844	-6063.596	170.7518	0.9174143	7.428787
1770	-5913.68	-6087.33	173.6498	1.05185	5.787754
1776	-5915.515	-6089.953	174.4375	1.164555	5.292881
1782	-5901.065	-6073.63	172.5646	0.9601515	6.428746
1788	-5898.352	-6070.863	172.5116	1.013062	6.428746
1794	-5899.643	-6073.13	173.4868	1.027366	5.890298
1800	-5889.242	-6062.387	173.1456	0.9281634	6.130442
1806	-5890.433	-6062.967	172.534	0.9640114	6.443205
1812	-5881.582	-6055.799	174.2172	1.094951	5.452685
1818	-5872.79	-6047.03	174.2401	1.007974	5.487971
1824	-5884.193	-6056.653	172.4608	1.007974	6.459056
1830	-5880.904	-6054.745	173.8406	1.060456	5.678547
1836	-5882.398	-6056.867	174.4696	1.057257	5.334382
1842	-5887.307	-6061.175	173.8678	1.057257	5.66535
1848	-5890.265	-6065.075	174.8105	1.010191	5.171974
1854	-5888.69	-6061.169	172.4794	0.9629139	6.473404
1860	-5886.641	-6059.136	172.4953	0.9470488	6.473404
1866	-5889.205	-6063.508	174.3033	0.9733344	5.472259
1872	-5885.021	-6059.795	174.7738	1.132178	5.124752
1878	-5884.547	-6059.182	174.6351	1.05163	5.246064
1884	-5891.273	-6065.555	174.2823	1.05163	5.440702
1890	-5898.963	-6072.947	173.9832	1.095571	5.58101
1896	-5887.507	-6063.048	175.5409	1.18186	4.669873
1902	-5894.405	-6066.574	172.1683	0.9831032	6.630879
1908	-5885.188	-6058.219	173.0312	0.9605673	6.17508
1914	-5883.254	-6056.884	173.6304	0.9800026	5.837661
1920	-5890.641	-6064.145	173.5045	1.105975	5.837661
1926	-5890.658	-6064.585	173.9271	0.9543713	5.68927
1932	-5889.813	-6063.257	173.4442	0.9680376	5.945973
1938	-5885.762	-6060.088	174.326	1.09159	5.3946
1944	-5883.83	-6057.606	173.7757	0.9865113	5.754607
1950	-5892.05	-6066.24	174.1901	1.118523	5.454626
1956	-5887.011	-6062.534	175.5229	1.128258	4.709948
1962	-5878.572	-6053.117	174.5448	1.148765	5.242281
1968	-5886.835	-6061.041	174.2068	1.148765	5.4288
1974	-5885.351	-6059.824	174.4732	1.103789	5.306698
1980	-5885.463	-6059.246	173.782	1.134904	5.669826
1986	-5890.337	-6064.685	174.3477	1.139703	5.356127
1992	-5895.022	-6069.174	174.1518	1.015254	5.532492
1998	-5892.835	-6067.272	174.4363	1.077054	5.341836
2004	-5886.615	-6059.733	173.1172	1.02633	6.092488
2010	-5886.693	-6060.382	173.6884	1.067557	5.758046
2016	-5886.002	-6059.824	173.8215	1.071892	5.682747
2022	-5886.117	-6059.938	173.8215	1.071892	5.682747
2028	-5883.753	-6057.448	173.6951	1.013402	5.784016
2034	-5893.064	-6066.475	173.4113	1.004076	5.944225
2040	-5889.006	-6063.198	174.1922	1.017294	5.50919
2046	-5888.238	-6062.478	174.2399	1.148251	5.410811
2052	-5890.031	-6063.786	173.7553	1.148251	5.677164
2058	-5879.788	-6053.555	173.7667	1.067124	5.715371
2064	-5886.158	-6059.29	173.1317	1.042481	6.075798
2070	-5888.588	-6061.581	172.9927	1.042481	6.151448
2076	-5882.827	-6055.828	173.0009	1.034357	6.151448
2082	-5881.623	-6054.53	172.9072	0.9959771	6.223253
2088	-5884.661	-6056.805	172.1445	0.9698432	6.650914
2094	-5886.492	-6058.766	172.2748	1.00569	6.561019
2100	-5887.095	-6059.95	172.8554	1.06713	6.21275
2106	-5881.207	-6054.059	172.8516	0.9819498	6.261094
2112	-5880.938	-6054.242	173.3042	1.050761	5.9772
2118	-5887.805	-6062.308	174.5029	1.051116	5.319363
2124	-5891.664	-6066.065	174.401	1.105515	5.345604
2130	-5892.394	-6064.268	171.8736	1.007604	6.776862
2136	-5897.016	-6071.211	174.1941	1.024255	5.50428
2142	-5886.598	-6060.092	173.4937	1.04331	5.877809
2148	-5890.957	-6065.212	174.2559	1.105757	5.425455
2154	-5883.561	-6057.45	173.8888	1.079896	5.641405
2160	-5889.113	-6063.222	174.1089	1.010057	5.558908
2166	-5884.425	-6057.758	173.3327	0.9771171	6.001819
2172	-5900.251	-6073.828	173.5776	1.054334	5.825887
2178	-5900.078	-6072.538	172.4605	0.9359036	6.498287
2184	-5899.115	-6070.701	171.5856	0.9537887	6.961169
2190	-5894.726	-6066.99	172.2645	0.9537887	6.594706
2196	-5889.83	-6063.286	173.4564	0.9537887	5.947072
2202	-5885.76	-6060.051	174.291	1.07683	5.422016
2208	-5892.407	-6067.067	174.6597	1.154014	5.175856
2214	-5894.901	-6070.75	175.8488	1.196419	4.488901
2220	-5886.81	-6061.056	174.2453	1.108641	5.429664
2226	-5888.217	-6062.273	174.0561	0.9876704	5.600251
2232	-5877.117	-6051.207	174.0901	1.091847	5.524331
2238	-5872.946	-6047.256	174.3105	1.072916	5.413446
2244	-5891.547	-6064.457	172.91	1.007823	6.21532
2250	-5892.828	-6065.048	172.2207	0.9638254	6.612957
2256	-5888.007	-6060.654	172.6466	0.9595799	6.384549
2262	-5880.866	-6055.347	174.4806	1.127817	5.289325
2268	-5883.757	-6056.832	173.0756	1.055487	6.099264
2274	-5891.898	-6065.336	173.4388	1.030362	5.914856
2280	-5887.096	-6060.649	173.5525	1.028293	5.853859
2286	-5896.057	-6069.341	173.2838	0.9793559	6.02727
2292	-5891.723	-6064.49	172.7673	1.074917	6.256397
2298	-5894.432	-6069.809	175.3778	1.139156	4.784966
2304	-5885.381	-6058.482	173.1007	1.08924	6.067194
2310	-5891.172	-6066.567	175.3952	1.1422	4.773544
2316	-5889.032	-6063.73	174.6985	1.022046	5.2274
2322	-5879.104	-6054.282	175.1774	1.122927	4.905732
2328	-5882.86	-6058.432	175.5719	1.169408	4.659518
2334	-5879.797	-6055.019	175.2219	1.217387	4.828323
2340	-5885.641	-6059.776	174.1357	1.12591	5.480482
2346	-5884.622	-6058.746	174.1236	1.138002	5.480482
2352	-5878.13	-6052.157	174.0271	1.026169	5.595008
2358	-5881.709	-6054.286	172.5766	0.9921878	6.404819
2364	-5878.309	-6052.785	174.476	1.028071	5.346959
2370	-5920.103	-6095.692	175.5882	1.156076	4.657831
2376	-5907.098	-6082.551	175.4529	1.186292	4.716644
2382	-5895.433	-6068.538	173.1051	1.024282	6.100201
2388	-5884.362	-6058.609	174.2473	1.024282	5.474991
2394	-5889.319	-6063.316	173.9975	1.003136	5.623901
2400	-5883.689	-6057.666	173.9767	1.023987	5.623901
2406	-5883.588	-6056.196	172.6076	0.977434	6.396052
2412	-5879.422	-6054.675	175.2534	1.140382	4.853698
2418	-5889.729	-6064.149	174.42	1.183609	5.291983
2424	-5883.692	-6058.439	174.7468	1.089368	5.16342
2430	-5884.081	-6058.276	174.1954	1.065248	5.481054
2436	-5890.661	-6065.168	174.5065	1.045787	5.32034
2442	-5881.076	-6055.332	174.2562	1.053451	5.454066
2448	-5882.49	-6056.399	173.9094	1.156799	5.587941
2454	-5901.957	-6076.411	174.4535	1.084291	5.328317
2460	-5896.698	-6069.974	173.2764	0.9970607	6.021667
2466	-5890.155	-6063.419	173.2639	1.009578	6.021667
2472	-5888.545	-6061.966	173.4206	1.052129	5.91293
2478	-5898.502	-6072.084	173.5813	1.062372	5.819499
2484	-5893.634	-6069.138	175.5047	1.062372	4.757007
2490	-5881.502	-6055.496	173.9935	1.009798	5.622456
2496	-5886.224	-6061.933	175.7094	1.159101	4.588197
2502	-5893.13	-6066.953	173.8229	1.083365	5.675696
2508	-5899.244	-6073.531	174.2871	1.065923	5.430195
2514	-5891.263	-6064.749	173.4859	1.089935	5.856581
2520	-5898.734	-6073.18	174.4462	1.113602	5.316207
2526	-5897.928	-6072.699	174.7712	1.064943	5.163451
2532	-5891.54	-6065.594	174.054	1.021315	5.582893
2538	-5896.57	-6071.063	174.4926	1.010191	5.347667
2544	-5885.601	-6059.844	174.243	1.060783	5.457279
2550	-5881.246	-6054.961	173.7146	0.9693979	5.797409
2556	-5889.257	-6061.814	172.5572	1.053465	6.382129
2562	-5871.67	-6043.677	172.0069	0.9232919	6.750396
2568	-5888.856	-6062.381	173.5251	0.9079168	5.934622
2574	-5897.906	-6070.541	172.6355	0.9560911	6.39246
2580	-5894.408	-6067.362	172.9542	1.014662	6.187575
2586	-5895.276	-6067.801	172.5256	0.9697111	6.444699
2592	-5898.661	-6070.624	171.9622	0.9244918	6.773879
2598	-5903.928	-6075.863	171.9347	0.9519894	6.773879
2604	-5907.495	-6082.71	175.2145	1.129635	4.881336
2610	-5897.917	-6072.077	174.16	1.156088	5.450495
2616	-5900.933	-6076.088	175.1552	1.112249	4.924035
2622	-5893.241	-6067.191	173.9504	1.079681	5.607732
2628	-5886.433	-6060.903	174.4696	1.095582	5.313206
2634	-5895.165	-6068.372	173.2067	0.9813571	6.068232
2640	-5885.445	-6058.703	173.2585	0.9295026	6.068232
2646	-5884.883	-6058.117	173.2338	0.9542365	6.068232
2652	-5882.533	-6057.134	174.6017	1.044399	5.268539
2658	-5883.832	-6057.72	173.8871	1.056587	5.655127
2664	-5880.597	-6054.086	173.4889	1.057958	5.872433
2670	-5883.851	-6058.146	174.2946	1.046599	5.436676
2676	-5886.181	-6060.72	174.5391	1.093505	5.276009
2682	-5889.172	-6063.292	174.1198	1.067354	5.521453
2688	-5884.983	-6060.325	175.3421	1.279731	4.726391
2694	-5890.93	-6066.354	175.4238	1.142521	4.757398
2700	-5887.528	-6061.705	174.177	1.118928	5.461596
2706	-5882.348	-6056.377	174.029	1.118928	5.543036
2712	-5888.07	-6062.602	174.5324	1.267651	5.183424
2718	-5888.381	-6062.196	173.8155	1.088997	5.676659
2724	-5887.081	-6060.968	173.8878	0.9571313	5.709277
2730	-5880.052	-6053.794	173.742	1.10294	5.709277
2736	-5878.511	-6051.943	173.433	1.10294	5.878401
2742	-5889.585	-6063.27	173.6843	0.9919777	5.801637
2748	-5887.273	-6061.392	174.1188	1.054986	5.528818
2754	-5897.197	-6072.632	175.4341	1.16921	4.736751
2760	-5880.266	-6053.779	173.5138	1.094276	5.838951
2766	-5875.447	-6049.832	174.3849	1.094276	5.36067
2772	-5884.489	-6058.845	174.3561	1.12309	5.36067
2778	-5883.836	-6058.809	174.9728	1.12309	5.019411
2784	-5885.659	-6060.575	174.9162	1.157847	5.031567
2790	-5889.084	-6063.747	174.6624	1.065183	5.223488
2796	-5895.904	-6070.528	174.6241	1.104789	5.222793
2802	-5895.19	-6070.597	175.4073	1.114581	4.782196
2808	-5894.592	-6069.198	174.6059	1.001843	5.289729
2814	-5897.734	-6070.349	172.6143	1.034202	6.361588
2820	-5894.999	-6066.634	171.6351	0.9401156	6.941892
2826	-5893.752	-6065.306	171.5547	1.020463	6.941892
2832	-5889.748	-6065.249	175.5015	1.169286	4.698993
2838	-5887.443	-6062.46	175.0177	1.124515	4.993699
2844	-5893.065	-6068.095	175.0304	1.111816	4.993699
2850	-5890.161	-6065.232	175.0715	1.070664	4.993699
2856	-5890.937	-6065.268	174.3312	1.090718	5.392233
2862	-5895.915	-6070.243	174.3273	1.090718	5.394366
2868	-5890.554	-6064.795	174.2407	1.090718	5.442065
2874	-5891.529	-6064.62	173.0907	1.104636	6.064247
2880	-5887.848	-6061.657	173.8095	1.03004	5.71222
2886	-5882.43	-6056.263	173.8336	1.006009	5.71222
2892	-5894.775	-6066.172	171.397	0.9599491	7.059437
2898	-5903.121	-6076.56	173.4384	1.086372	5.884466
2904	-5901.544	-6076.464	174.92	1.11557	5.05292
2910	-5892.709	-6067.256	174.5465	1.116791	5.259046
2916	-5883.095	-6057.466	174.3716	1.095801	5.367133
2922	-5877.674	-6051.651	173.9769	1.032481	5.619127
2928	-5878.886	-6053.011	174.1246	1.107363	5.496819
2934	-5884.651	-6058.821	174.1705	1.059702	5.497786
2940	-5899.789	-6073.167	173.3786	1.092003	5.914087
2946	-5899.312	-6073.004	173.6918	1.03334	5.774877
2952	-5890.532	-6064.324	173.7918	1.035561	5.718945
2958	-5892.287	-6067.725	175.4381	1.079704	4.784501
2964	-5888.186	-6062.922	174.737	1.100273	5.162826
2970	-5891.785	-6065.673	173.8885	1.042446	5.662161
2976	-5881.9	-6055.967	174.0663	1.047407	5.561803
2982	-5885.47	-6059.777	174.3063	1.101629	5.399966
2988	-5887.044	-6061.4	174.3565	1.051427	5.399966
2994	-5881.806	-6055.667	173.8611	1.158255	5.613634
3000	-5882.93	-6057.033	174.1033	1.10336	5.510717
3006	-5880.618	-6055.253	174.6345	1.10336	5.217824
3012	-5890.478	-6066.156	175.6782	1.138392	4.617345
3018	-5883.364	-6059.047	175.6831	1.133402	4.617345
3024	-5884.05	-6059.006	174.9556	1.091258	5.046661
3030	-5879.216	-6054.998	175.7818	1.18061	4.535455
3036	-5879.409	-6055.089	175.6797	1.282698	4.535455
3042	-5884.03	-6058.643	174.6132	1.118922	5.220982
3048	-5889.101	-6062.861	173.7595	1.055452	5.725733
3054	-5888.496	-6062.008	173.5119	1.040504	5.869398
3060	-5885.194	-6058.108	172.914	0.888325	6.278106
3066	-5886.749	-6058.448	171.6994	1.003858	6.872851
3072	-5897.177	-6069.338	172.1607	0.8745268	6.693705
3078	-5894.549	-6068.692	174.1423	1.040406	5.523908
3084	-5884.397	-6057.888	173.4917	1.049402	5.87554
3090	-5880.931	-6054.942	174.0116	1.066028	5.581652
3096	-5885.782	-6060.479	174.6967	1.108448	5.180586
3102	-5885.152	-6060.048	174.8958	1.146352	5.049231
3108	-5896.008	-6068.963	172.9553	0.9519055	6.221074
3114	-5901.88	-6074.66	172.7807	0.9996557	6.290015
3120	-5900.992	-6074.928	173.9359	0.9919878	5.66379
3126	-5899.579	-6073.078	173.499	1.062504	5.864423
3132	-5892.738	-6065.904	173.1656	0.9940597	6.083678
3138	-5884.978	-6058.084	173.1058	1.024817	6.099515
3144	-5882.033	-6055.07	173.0373	1.093254	6.099515
3150	-5883.908	-6058.141	174.2339	1.119631	5.429922
3156	-5886.878	-6060.356	173.4785	1.068702	5.872223
3162	-5878.438	-6052.016	173.5783	1.044874	5.830715
3168	-5882.733	-6057.266	174.5325	1.079159	5.287532
3174	-5886.46	-6058.165	171.705	0.994246	6.875031
3180	-5883.798	-6055.109	171.3114	0.8983678	7.138605
3186	-5891.928	-6063.063	171.1358	0.8983678	7.232951
3192	-5897.7	-6071.813	174.1125	1.11879	5.497208
3198	-5899.298	-6070.984	171.6864	0.9906147	6.886998
3204	-5897.545	-6070.334	172.7893	1.021047	6.273694
3210	-5891.091	-6064.981	173.8902	1.041018	5.662013
3216	-5879.72	-6053.208	173.4876	1.019333	5.894247
3222	-5881.11	-6053.797	172.6869	1.037402	6.320434
3228	-5874.709	-6048.847	174.1383	1.080798	5.503902
3234	-5876.48	-6049.996	173.5163	1.064637	5.853807
3240	-5879.796	-6052.906	173.1093	1.096131	6.058739
3246	-5884.109	-6058.243	174.134	1.069344	5.512555
3252	-5886.982	-6060.963	173.9814	1.117146	5.570152
3258	-5886.827	-6059.895	173.0681	1.075178	6.092594
3264	-5885.38	-6058.695	173.3156	1.054357	5.969049
3270	-5890.97	-6064.386	173.4155	0.9543899	5.969049
3276	-5884.445	-6056.731	172.2864	0.9838571	6.566562
3282	-5886.89	-6061.314	174.4237	1.009996	5.385757
3288	-5893.199	-6067.146	173.9472	1.12989	5.581908
3294	-5890.138	-6064.413	174.2747	1.137934	5.397372
3300	-5889.726	-6064.842	175.1156	1.117667	4.943086
3306	-5894.774	-6070.009	175.2359	1.180002	4.841367
3312	-5884.564	-6059.647	175.083	1.139221	4.949191
3318	-5892.181	-6068.452	176.271	1.223427	4.235221
3324	-5886.527	-6062.665	176.1376	1.141601	4.356981
3330	-5886.326	-6061.432	175.1058	1.141601	4.935228
3336	-5881.072	-6055.661	174.5886	1.089176	5.251045
3342	-5902.408	-6076.152	173.7449	1.102375	5.708031
3348	-5893.131	-6068.53	175.3986	1.164072	4.759453
3354	-5882.049	-6058.641	176.5918	1.29707	4.010793
3360	-5892.912	-6069.654	176.7411	1.29707	3.925358
3366	-5886.164	-6062.394	176.2308	1.232725	4.252713
3372	-5889.832	-6066.632	176.8006	1.220005	3.93541
3378	-5891.217	-6066.975	175.7574	1.221972	4.525961
3384	-5886.157	-6060.615	174.4579	1.168241	5.27955
3390	-5882.859	-6057.364	174.5049	1.121233	5.27955
3396	-5883.126	-6058.171	175.0455	1.177968	4.948504
3402	-5875.408	-6049.873	174.4644	1.177968	5.270606
3408	-5879.076	-6053.113	174.0368	1.104991	5.546374
3414	-5894.033	-6068.691	174.658	1.074358	5.220867
3420	-5888.882	-6062.736	173.8538	0.9703893	5.720637
3426	-5894.243	-6067.152	172.9088	1.090568	6.170952
3432	-5902.109	-6075.337	173.2283	1.004973	6.043574
3438	-5897.221	-6070.551	173.3296	1.016723	5.981943
3444	-5879.242	-6052.977	173.735	1.016723	5.760343
3450	-5875.534	-6048.334	172.7999	1.095618	6.227409
3456	-5879.638	-6052.44	172.8024	1.09316	6.227409
3462	-5884.676	-6057.943	173.2676	1.020367	6.013757
3468	-5881.378	-6056.634	175.2553	1.176707	4.832381
3474	-5873.493	-6049.308	175.8148	1.281428	4.46022
3480	-5885.365	-6061.293	175.9278	1.274105	4.400654
3486	-5885.229	-6060.129	174.9002	1.12641	5.057873
3492	-5884.54	-6059.534	174.9934	1.266718	4.928115
3498	-5897.032	-6073.036	176.004	1.228469	4.383387
3504	-5899.901	-6075.208	175.3064	1.155846	4.815484
3510	-5891.678	-6066.884	175.2059	1.129053	4.886494
3516	-5896.528	-6071.848	175.3198	1.015124	4.886494
3522	-5893.026	-6065.101	172.0748	0.9023966	6.725021
3528	-5891.076	-6062.963	171.8866	1.052231	6.745744
3534	-5898.583	-6074.542	175.959	1.294199	4.371697
3540	-5881.666	-6053.128	171.4621	0.9690927	7.019481
3546	-5883.57	-6055.44	171.8697	0.9902113	6.788349
3552	-5870.444	-6042.962	172.518	0.9415251	6.46407
3558	-5876.821	-6050.19	173.3693	0.9335985	6.005626
3564	-5877.843	-6052.805	174.9621	1.128015	5.022612
3570	-5877.212	-6052.669	175.4564	1.194769	4.709955
3576	-5881.286	-6058.14	176.8543	1.28427	3.867737
3582	-5889.291	-6062.979	173.6881	1.071941	5.755808
3588	-5890.341	-6063.385	173.0441	1.026859	6.132004
3594	-5881.237	-6057.26	176.023	1.160035	4.411301
3600	-5877.223	-6050.892	173.6689	1.152402	5.722221
3606	-5879.094	-6054.026	174.932	1.079555	5.06623
3612	-5882.152	-6056.957	174.8047	1.168861	5.087283
3618	-5880.449	-6055.169	174.7199	1.168861	5.134287
3624	-5886.233	-6060.909	174.6756	1.168861	5.158848
3630	-5882.149	-6056.16	174.0116	1.133096	5.54481
3636	-5890.755	-6065.188	174.4332	1.063204	5.351149
3642	-5893.151	-6069.491	176.3394	1.200558	4.209381
3648	-5894.942	-6070.284	175.3423	1.200558	4.770486
3654	-5898.591	-6073.73	175.1386	1.199298	4.884848
3660	-5891.494	-6068.05	176.5561	1.202244	4.085234
3666	-5886.612	-6061.98	175.3685	1.078267	4.824152
3672	-5890.268	-6065.442	175.174	1.131777	4.902714
3678	-5891.653	-6066.027	174.3737	1.098151	5.364709
3684	-5913.009	-6085.765	172.756	1.086169	6.256419
3690	-5899.262	-6072.925	173.6631	1.037542	5.788334
3696	-5895.92	-6069.423	173.5035	1.037542	5.875569
3702	-5889.638	-6063.571	173.9328	1.024742	5.647537
3708	-5884.608	-6059.072	174.4641	1.041623	5.346052
3714	-5884.964	-6059.252	174.2881	1.114771	5.402739
3720	-5903.872	-6075.961	172.0883	1.000935	6.664487
3726	-5899.66	-6073.993	174.3339	1.09373	5.389083
3732	-5901.864	-6076.35	174.4858	1.09373	5.305287
3738	-5906.382	-6079.96	173.578	1.027696	5.840271
3744	-5900.835	-6072.798	171.9638	0.9368016	6.766409
3750	-5893.063	-6067.296	174.2325	1.076377	5.454496
3756	-5889.657	-6063.818	174.1608	1.075959	5.494153
3762	-5886.671	-6061.326	174.6554	1.075959	5.221417
3768	-5884.325	-6059.07	174.7448	1.0974	5.16009
3774	-5878.591	-6053.3	174.7098	1.083376	5.187214
3780	-5880.235	-6054.618	174.3822	1.006624	5.410449
3786	-5889.911	-6064.646	174.7349	1.006624	5.215767
3792	-5880.945	-6055.659	174.7143	1.126857	5.160664
3798	-5897.38	-6071.946	174.5665	1.24239	5.178513
3804	-5898.963	-6073.862	174.8992	1.026868	5.113617
3810	-5890.687	-6064.387	173.6996	1.045394	5.764057
3816	-5889.161	-6063.422	174.2618	0.967343	5.498391
3822	-5891.952	-6066.113	174.1607	1.134803	5.461856
3828	-5888.525	-6062.256	173.7309	1.111171	5.710883
3834	-5883.011	-6055.653	172.642	1.016155	6.356362
3840	-5884.087	-6059.167	175.0798	1.15189	4.943974
3846	-5890.053	-6065.396	175.3431	1.128151	4.810478
3852	-5889.262	-6063.385	174.1228	1.058584	5.524637
3858	-5900.29	-6073.569	173.2787	1.029545	6.002679
3864	-5897.749	-6071.822	174.0723	1.089582	5.535342
3870	-5900.586	-6074.276	173.6893	1.081816	5.749711
3876	-5885.412	-6059.896	174.4843	1.081816	5.312729
3882	-5887.546	-6062.142	174.5957	1.083155	5.250456
3888	-5885.38	-6059.987	174.6073	1.078335	5.246681
3894	-5882.273	-6054.748	172.4751	0.9710337	6.471351
3900	-5885.537	-6059.012	173.4749	0.9362024	5.946585
3906	-5890.936	-6065.094	174.1583	0.9743491	5.551401
3912	-5884.987	-6059.856	174.8688	1.01559	5.136723
3918	-5883.089	-6057.388	174.2993	1.087504	5.411601
3924	-5889.032	-6062.111	173.0786	1.061122	6.094528
3930	-5889.925	-6063.924	173.9988	1.075359	5.583527
3936	-5889.991	-6064.087	174.0961	1.045585	5.546458
3942	-5896.265	-6070.637	174.372	1.045585	5.394621
3948	-5888.909	-6063.616	174.7068	1.066609	5.19814
3954	-5886.071	-6059.619	173.5475	1.02824	5.85661
3960	-5880.267	-6053.783	173.5162	1.059619	5.85661
3966	-5894.338	-6068.453	174.1148	0.9674549	5.579122
3972	-5882.366	-6056.063	173.6967	0.9674549	5.808276
3978	-5886.812	-6060.416	173.6047	1.059493	5.808276
3984	-5892.393	-6065.915	173.5218	1.084232	5.840079
3990	-5893.749	-6067.044	173.2956	1.008452	6.00497
3996	-5904.288	-6077.217	172.9292	0.9814096	6.219246
4002	-5881.994	-6055.006	173.0115	0.9147305	6.210725
4008	-5879.298	-6052.262	172.9643	0.9619823	6.210725
4014	-5885.911	-6059.884	173.9735	1.040771	5.616449
4020	-5889.25	-6062.669	173.4185	1.04794	5.916348
4026	-5891.951	-6066.988	175.0368	1.062844	5.017318
4032	-5895.453	-6070.694	175.2409	1.168707	4.844891
4038	-5892.586	-6067.506	174.9199	1.168707	5.02345
4044	-5890.039	-6065.201	175.1621	1.192278	4.875633
4050	-5883.391	-6059.388	175.9967	1.21007	4.397891
4056	-5883.233	-6059.293	176.0606	1.146161	4.397891
4062	-5884.228	-6059.221	174.9931	1.091656	5.025579
4068	-5884.173	-6058.497	174.3238	1.135744	5.371497
4074	-5893.094	-6067.211	174.1164	1.000945	5.559839
4080	-5879.212	-6053.291	174.0792	1.038099	5.559839
4086	-5880.002	-6054.597	174.5949	1.153063	5.212229
4092	-5876.144	-6048.389	172.245	0.9597288	6.602044
4098	-5866.075	-6041.046	174.9717	1.123053	5.02003
4104	-5880.726	-6057.226	176.5	1.200554	4.118106
4110	-5881.181	-6057.597	176.416	1.200554	4.165907
4116	-5887.08	-6062.994	175.9142	1.117226	4.49668
4122	-5887.804	-6062.994	175.1897	1.18928	4.861953
4128	-5894.334	-6069.289	174.9549	1.101195	5.041515
4134	-5887.17	-6062.74	175.5698	1.157661	4.667254
4140	-5889.778	-6062.584	172.806	0.90076	6.329984
4146	-5901.311	-6072.182	170.8711	0.9041711	7.371898
4152	-5900.037	-6074.312	174.2755	1.100523	5.4175
4158	-5903.514	-6075.58	172.0665	1.091564	6.627291
4164	-5901.66	-6075.05	173.3895	1.044918	5.933818
4170	-5890.62	-6063.687	173.0671	0.9558649	6.158091
4176	-5885.152	-6058.367	173.2156	1.021281	6.041595
4182	-5876.098	-6051.103	175.0054	1.112135	5.00739
4188	-5873.906	-6048.094	174.1888	1.059699	5.487738
4194	-5877.195	-6051.073	173.8783	1.03057	5.674259
4200	-5886.781	-6059.199	172.4179	0.9215569	6.529098
4206	-5882.211	-6055.242	173.0308	1.040709	6.131681
4212	-5885.436	-6058.144	172.7075	1.041637	6.306945
4218	-5890.098	-6063.121	173.023	1.05112	6.13029
4224	-5892.183	-6064.351	172.1684	0.9893317	6.627429
4230	-5892.432	-6065.206	172.7737	0.9932686	6.29726
4236	-5894.756	-6067.419	172.6626	1.04872	6.327497
4242	-5880.267	-6055.844	175.5767	1.186809	4.6471
4248	-5878.895	-6052.919	174.0238	1.083871	5.565145
4254	-5876.339	-6050.325	173.9856	1.122052	5.565145
4260	-5877.99	-6053.49	175.4993	1.129381	4.722529
4266	-5881.09	-6054.507	173.4171	1.123346	5.875919
4272	-5888.84	-6062.142	173.302	1.040836	5.983827
4278	-5880.973	-6054.895	173.9226	1.103486	5.609957
4284	-5869.416	-6044.124	174.7082	1.103486	5.176957
4290	-5877.666	-6052.168	174.5024	1.108355	5.288061
4296	-5874.853	-6049.218	174.3646	1.15714	5.337176
4302	-5881.333	-6054.522	173.1893	0.9712551	6.083216
4308	-5881.725	-6053.512	171.7865	1.019613	6.81738
4314	-5884.037	-6058.337	174.2995	1.084557	5.41311
4320	-5887.199	-6061.593	174.3943	0.9897541	5.41311
4326	-5894.068	-6067.56	173.4924	0.9897541	5.90777
4332	-5894.615	-6068.053	173.4376	1.044548	5.90777
4338	-5892.493	-6065.931	173.4376	1.044548	5.90777
4344	-5886.706	-6060.505	173.7987	1.044548	5.710234
4350	-5899.892	-6074.324	174.4319	1.05107	5.358594
4356	-5900.454	-6074.248	173.7939	1.030801	5.72035
4362	-5901.363	-6074.746	173.3833	1.158317	5.875253
4368	-5893.717	-6068.474	174.7572	1.10411	5.149501
4374	-5887.539	-6062.825	175.286	1.093037	4.86188
4380	-5891.344	-6066.129	174.7856	1.063723	5.156158
4386	-5887.793	-6062.319	174.5255	1.128109	5.264413
4392	-5880.125	-6055.659	175.5338	1.172343	4.67919
4398	-5880.366	-6055.589	175.2223	1.194087	4.841093
4404	-5874.548	-6048.444	173.8963	1.153059	5.597181
4410	-5874.846	-6050.415	175.5689	1.131165	4.682622
4416	-5886.974	-6062.131	175.1568	1.131165	4.912608
4422	-5885.56	-6060.398	174.8381	1.131165	5.089691
4428	-5885.236	-6060.288	175.051	1.173668	4.947834
4434	-5890.23	-6065.331	175.1008	1.17769	4.917892
4440	-5885.572	-6059.016	173.4437	1.004589	5.926245
4446	-5883.533	-6056.477	172.9435	1.001014	6.20079
4452	-5882.794	-6054.464	171.67	0.884035	6.953322
4458	-5891.116	-6064.724	173.608	0.9165277	5.884623
4464	-5890.914	-6063.351	172.4376	0.8669923	6.548
4470	-5897.831	-6071.701	173.8695	1.191395	5.590848
4476	-5889.891	-6064.615	174.7241	1.099142	5.17058
4482	-5888.339	-6063.139	174.8005	1.17358	5.086995
4488	-5885.153	-6059.318	174.1651	1.078842	5.490205
4494	-5892.354	-6065.81	173.4561	1.036989	5.901769
4500	-5903.391	-6076.332	172.9409	0.9206805	6.24589
4506	-5895.268	-6067.588	172.3204	1.061289	6.506271
4512	-5887.709	-6061.208	173.499	1.058321	5.866675
4518	-5887.369	-6061.907	174.5381	1.085202	5.281127
4524	-5885.873	-6060.091	174.2176	1.087366	5.456646
4530	-5889.711	-6062.077	172.3665	0.9265883	6.554209
4536	-5894.123	-6065.056	170.9329	0.9798614	7.298124
4542	-5890.664	-6063.648	172.9839	1.018341	6.169384
4548	-5884.159	-6057.716	173.5565	1.040959	5.844773
4554	-5892.241	-6064.953	172.7117	0.9629848	6.3474
4560	-5891.99	-6067.063	175.0732	1.220967	4.909194
4566	-5881.907	-6056.389	174.4824	1.150742	5.27568
4572	-5890.27	-6064.015	173.7445	1.138605	5.688387
4578	-5892.116	-6068.073	175.9575	1.20982	4.42011
4584	-5881.264	-6056.111	174.8469	1.166774	5.065033
4590	-5889.019	-6062.266	173.247	1.039942	6.014297
4596	-5884.177	-6056.794	172.6169	0.9595147	6.400699
4602	-5891.06	-6063.925	172.8649	1.006676	6.24046
4608	-5895.339	-6069.696	174.3572	1.09155	5.377461
4614	-5900.596	-6074.915	174.3185	1.103054	5.39245
4620	-5901.227	-6075.883	174.656	1.109723	5.202435
4626	-5907.594	-6081.862	174.2681	1.078764	5.43358
4632	-5898.626	-6073.913	175.2879	1.126458	4.84224
4638	-5905.812	-6080.7	174.8879	1.11668	5.070124
4644	-5893.107	-6068.532	175.4256	1.22427	4.7107
4650	-5904.288	-6079.086	174.798	1.353999	4.988261
4656	-5899.604	-6075.416	175.8118	1.227897	4.49201
4662	-5895.095	-6070.562	175.467	1.221512	4.689083
4668	-5891.763	-6066.558	174.7951	1.141352	5.107884
4674	-5896.338	-6071.323	174.985	1.148732	4.998394
4680	-5885.31	-6059.453	174.1431	1.111838	5.484152
4686	-5886.439	-6060.285	173.8461	1.129344	5.637715
4692	-5887.48	-6062.226	174.7455	1.172765	5.117959
4698	-5880.389	-6055.814	175.4242	1.172765	4.740248
4704	-5873.045	-6048.885	175.8404	1.223887	4.478154
4710	-5876.36	-6050.433	174.0728	1.186711	5.481674
4716	-5886.926	-6061.859	174.9329	1.322352	4.930822
4722	-5868.488	-6043.098	174.6093	1.132076	5.215898
4728	-5873.906	-6048.079	174.1736	1.141138	5.451276
4734	-5875.247	-6049.927	174.6798	1.210663	5.133354
4740	-5892.921	-6067.162	174.241	1.091775	5.441313
4746	-5890.602	-6064.681	174.0795	1.166772	5.488926
4752	-5877.595	-6050.655	173.0604	0.9854389	6.145676
4758	-5874.483	-6047.563	173.0808	0.9650012	6.145676
4764	-5878.916	-6053.132	174.2157	1.121128	5.439101
4770	-5888.366	-6061.126	172.7596	1.065338	6.265781
4776	-5879.18	-6054.413	175.2328	1.145446	4.862368
4782	-5899.739	-6074.61	174.8717	1.099934	5.088379
4788	-5893.126	-6066.916	173.7903	1.061157	5.705726
4794	-5895.262	-6067.867	172.6046	0.9597248	6.407248
4800	-5900.988	-6074.996	174.0076	1.052294	5.591355
4806	-5904.434	-6078.411	173.9773	1.082624	5.591355
4812	-5900.2	-6074.886	174.6865	1.133238	5.172539
4818	-5903.564	-6078.041	174.4762	1.066974	5.32534
4824	-5894.78	-6069.134	174.354	1.175361	5.332988
4830	-5891.059	-6065.447	174.388	1.165279	5.319791
4836	-5886.479	-6061.294	174.8146	1.107411	5.115899
4842	-5888.417	-6063.356	174.939	1.107411	5.046892
4848	-5886.919	-6061.364	174.4445	1.043143	5.356006
4854	-5889.521	-6063.368	173.8462	1.061465	5.674921
4860	-5878.068	-6051.847	173.7791	1.128538	5.674921
4866	-5876.274	-6049.263	172.9888	1.044867	6.152298
4872	-5876.117	-6049.091	172.9746	1.022269	6.172305
4878	-5877.895	-6052.027	174.1324	1.036048	5.531712
4884	-5868.513	-6042.651	174.1377	1.030794	5.531712
4890	-5871.615	-6046.389	174.7735	1.081306	5.153116
4896	-5873.679	-6048.492	174.8134	1.041415	5.153116
4902	-5869.033	-6043.242	174.2093	0.9984295	5.510138
4908	-5874.587	-6046.801	172.2145	0.9984295	6.597619
4914	-5879.952	-6052.244	172.2921	0.9407319	6.586827
4920	-5894.625	-6067.579	172.9541	1.000009	6.195549
4926	-5884.716	-6058.83	174.1138	1.033956	5.543102
4932	-5892.429	-6065.447	173.0181	1.034688	6.141873
4938	-5890.42	-6065.105	174.6845	1.105433	5.189031
4944	-5891.85	-6067.85	175.9997	1.220133	4.390501
4950	-5899.55	-6073.156	173.6059	1.066582	5.803711
4956	-5901.545	-6076.519	174.9748	1.171372	4.991515
4962	-5893.427	-6068.89	175.4635	1.174495	4.717353
4968	-5891.55	-6065.941	174.3911	1.053371	5.379779
4974	-5891.527	-6067.171	175.6435	1.253478	4.572248
4980	-5903.621	-6078.24	174.6185	1.249288	5.145912
4986	-5899.17	-6073.542	174.3716	1.093046	5.36868
4992	-5891.734	-6066.153	174.4184	1.04621	5.36868
4998	-5876.162	-6049.865	173.7029	1.130868	5.7154
5004	-5873.542	-6047.273	173.7307	1.077805	5.729231
5010	-5881.958	-6055.769	173.811	1.105233	5.6702
5016	-5888.049	-6063.289	175.2402	1.139559	4.861497
5022	-5879.921	-6054.536	174.6147	1.139559	5.208729
5028	-5888.586	-6062.699	174.1129	1.08247	5.516915
5034	-5877.815	-6052.336	174.5216	1.077676	5.294385
5040	-5884.945	-6059.054	174.1085	1.039641	5.542878
5046	-5892.866	-6067.391	174.525	1.177455	5.237376
5052	-5903.504	-6074.661	171.1573	0.904795	7.217921
5058	-5900.261	-6071.288	171.0275	0.9474897	7.264704
5064	-5888.41	-6060.47	172.0598	0.9862718	6.687817
5070	-5884.931	-6058.976	174.0452	1.034229	5.580648
5076	-5889.918	-6062.643	172.7247	1.003815	6.318143
5082	-5887.621	-6062.799	175.1777	1.150228	4.890388
5088	-5890.672	-6065.296	174.6243	1.123515	5.212291
5094	-5888.282	-6063.214	174.9328	1.09443	5.057514
5100	-5879.217	-6051.124	171.9068	0.9521887	6.788856
5106	-5876.685	-6049.79	173.105	0.9783674	6.125236
5112	-5890.243	-6062.425	172.1825	0.9367706	6.648259
5118	-5883.617	-6057.228	173.6103	1.002943	5.836105
5124	-5886.753	-6061.614	174.8614	1.046302	5.123831
5130	-5879.38	-6054.601	175.2205	1.148147	4.867721
5136	-5888.334	-6064.718	176.3842	1.268648	4.14525
5142	-5887.579	-6064.156	176.5766	1.268648	4.035677
5148	-5885.923	-6061.541	175.6184	1.204202	4.613975
5154	-5903.112	-6077.999	174.8867	1.018407	5.125246
5160	-5893.233	-6067.726	174.4929	1.130998	5.280794
5166	-5888.043	-6062.808	174.7653	1.07442	5.161461
5172	-5886.368	-6059.558	173.1907	1.004762	6.064202
5178	-5894.777	-6069.248	174.4711	1.097288	5.31145
5184	-5895.883	-6070.279	174.3961	0.9813131	5.416725
5190	-5891.526	-6064.838	173.3117	0.9813131	6.011011
5196	-5896.001	-6068.347	172.3457	0.9135999	6.572486
5202	-5898.101	-6070.899	172.7983	0.913805	6.327093
5208	-5891.946	-6066.126	174.1793	1.091576	5.475381
5214	-5886.284	-6060.495	174.211	1.027664	5.493143
5220	-5881.13	-6055.258	174.1285	1.062758	5.519197
5226	-5881.901	-6056.522	174.6209	1.054923	5.252092
5232	-5881.6	-6056.665	175.0649	1.143566	4.956879
5238	-5886.564	-6061.077	174.5123	1.101029	5.286619
5244	-5893.62	-6067.813	174.1929	1.027034	5.503411
5250	-5887.772	-6061.542	173.7696	1.085565	5.703663
5256	-5880.819	-6054.611	173.7926	1.043897	5.713934
5262	-5881.211	-6053.901	172.69	1.013102	6.331965
5268	-5898.491	-6070.749	172.2579	0.9142748	6.619654
5274	-5902.379	-6077.148	174.7693	1.181841	5.099725
5280	-5897.894	-6071.591	173.6972	1.14624	5.710096
5286	-5898.827	-6070.797	171.9707	1.009118	6.723592
5292	-5890.118	-6063.027	172.9093	0.9908683	6.224902
5298	-5886.65	-6060.427	173.7765	1.073722	5.706411
5304	-5881.246	-6054.482	173.2363	1.052033	6.013551
5310	-5890.436	-6064.844	174.4078	1.018499	5.389816
5316	-5886.476	-6059.726	173.25	0.9715365	6.049984
5322	-5885.722	-6058.084	172.3622	1.008352	6.512306
5328	-5887.872	-6062.388	174.5166	1.036254	5.320007
5334	-5882.844	-6058.634	175.7902	1.203405	4.51794
5340	-5883.83	-6059.856	176.0258	1.203405	4.385244
5346	-5892.551	-6068.169	175.6183	1.037838	4.707199
5352	-5889.088	-6063.22	174.1316	1.037838	5.531175
5358	-5886.517	-6060.649	174.1316	1.037838	5.531175
5364	-5879.63	-6054.284	174.6541	1.059276	5.231382
5370	-5882.247	-6056.268	174.0203	1.058885	5.580772
5376	-5891.091	-6065.021	173.9296	1.085857	5.615771
5382	-5881.976	-6055.973	173.9976	1.017836	5.615771
5388	-5894.027	-6068.003	173.9767	1.038807	5.615771
5394	-5886.884	-6060.518	173.6333	1.070611	5.78652
5400	-5880.398	-6054.064	173.6658	1.038089	5.78652
5406	-5889.336	-6062.379	173.0426	0.9407119	6.179691
5412	-5889.282	-6063.863	174.582	1.184772	5.201853
5418	-5888.027	-6063.993	175.9656	1.141119	4.4543
5424	-5891.427	-6067.273	175.8462	1.191916	4.492924
5430	-5900.832	-6076.414	175.5821	1.120842	4.681022
5436	-5901.104	-6076.257	175.1526	1.141392	4.909251
5442	-5889.041	-6065.223	176.1816	1.141392	4.332242
5448	-5894.693	-6070.085	175.3921	1.184898	4.751441
5454	-5886.587	-6062.429	175.8423	1.161931	4.511974
5460	-5880.021	-6055.82	175.7988	1.205416	4.511974
5466	-5897.117	-6073.005	175.8878	1.205028	4.462116
5472	-5885.433	-6059.849	174.4157	1.142877	5.316846
5478	-5889.606	-6064.83	175.2234	1.157613	4.860804
5484	-5893.387	-6067.84	174.4524	1.069853	5.336904
5490	-5901.067	-6076.369	175.3011	1.139997	4.827292
5496	-5893.533	-6066.418	172.8856	1.029708	6.216655
5502	-5899.274	-6072.511	173.2367	1.035836	6.022183
5508	-5906.367	-6080.628	174.2618	1.022133	5.468213
5514	-5891.725	-6067.125	175.4002	1.18985	4.744133
5520	-5893.88	-6070.275	176.3942	1.18985	4.184346
5526	-5894.926	-6071.239	176.3133	1.270764	4.184346
5532	-5893.426	-6068.641	175.2151	1.195533	4.84429
5538	-5885.276	-6060.145	174.8688	1.100582	5.089637
5544	-5884.255	-6058.735	174.4799	1.146884	5.279229
5550	-5883.183	-6058.025	174.8423	1.016359	5.150996
5556	-5893.223	-6068.513	175.2899	1.116657	4.84656
5562	-5895.964	-6071.137	175.1726	1.18003	4.876637
5568	-5898.936	-6072.682	173.745	1.059185	5.7316
5574	-5900.365	-6075.223	174.8585	1.115076	5.087295
5580	-5887.322	-6061.765	174.4435	1.115076	5.316883
5586	-5880.788	-6056.278	175.4904	1.114732	4.735685
5592	-5881.906	-6056.298	174.3914	1.006485	5.405459
5598	-5885.495	-6059.565	174.0694	1.056023	5.555364
5604	-5885.878	-6059.781	173.9032	1.04872	5.650659
5610	-5895.698	-6068.567	172.8693	1.002215	6.240501
5616	-5896.629	-6069.718	173.0897	1.028032	6.106545
5622	-5894.639	-6068.66	174.021	1.014962	5.60449
5628	-5892.984	-6066.228	173.2445	1.061879	6.003735
5634	-5886.394	-6059.668	173.2745	1.062154	5.987177
5640	-5899.67	-6076.547	176.8778	1.33763	3.823603
5646	-5901.812	-6079.18	177.3682	1.288065	3.568657
5652	-5899.187	-6072.39	173.2034	1.007578	6.05572
5658	-5896.659	-6069.799	173.1399	1.071053	6.05572
5664	-5895.961	-6067.801	171.8401	0.9811755	6.809185
5670	-5882.166	-6057.523	175.357	1.146649	4.792381
5676	-5897.041	-6072.273	175.2317	1.243813	4.808104
5682	-5890.907	-6065.631	174.7245	1.009572	5.219928
5688	-5890.17	-6063.065	172.895	1.039828	6.206039
5694	-5887.054	-6061.339	174.2843	1.039828	5.446093
5700	-5891.546	-6065.653	174.1073	1.124424	5.49693
5706	-5898.551	-6073.32	174.7691	1.036481	5.180333
5712	-5893.5	-6066.988	173.4888	1.13083	5.832625
5718	-5888.67	-6061.826	173.1565	1.120821	6.019537
5724	-5878.872	-6053.615	174.7428	1.050909	5.186909
5730	-5889.293	-6065.205	175.9117	1.198265	4.452481
5736	-5884.696	-6059.998	175.3024	1.198265	4.794072
5742	-5881.26	-6057.156	175.8954	1.306776	4.400472
5748	-5872.605	-6048.432	175.8265	1.306776	4.439309
5754	-5868.705	-6044.643	175.9383	1.169711	4.45354
5760	-5879.208	-6054.944	175.7366	1.187454	4.557016
5766	-5884.057	-6060.301	176.2435	1.198811	4.264773
5772	-5878.786	-6054.131	175.3452	1.129997	4.808261
5778	-5887.528	-6063.905	176.3773	1.209375	4.182879
5784	-5871.134	-6046.92	175.7861	1.209375	4.516884
5790	-5874.8	-6050.015	175.2154	1.141426	4.874307
5796	-5888.138	-6063.289	175.1508	1.205976	4.874307
5802	-5889.723	-6065.481	175.7579	1.216971	4.528474
5808	-5893.627	-6068.846	175.2187	1.236107	4.819641
5814	-5889.445	-6064.325	174.8801	1.096097	5.085851
5820	-5888.105	-6064.08	175.9752	1.192849	4.419715
5826	-5888.45	-6063.057	174.6068	1.162231	5.200563
5832	-5891.196	-6063.766	172.5697	1.071317	6.365645
5838	-5890.418	-6064.006	173.588	1.056201	5.819191
5844	-5889.866	-6064.015	174.1482	1.145411	5.462881
5850	-5888.702	-6062.42	173.7176	1.05712	5.747781
5856	-5889.644	-6062.067	172.4238	0.9635011	6.503195
5862	-5893.73	-6067.424	173.694	1.167459	5.700259
5868	-5895.127	-6070.441	175.314	1.232679	4.768375
5874	-5891.492	-6066.925	175.4332	1.093308	4.77966
5880	-5887.073	-6061.567	174.4946	1.145864	5.271651
5886	-5895.779	-6069.44	173.6615	1.182909	5.709604
5892	-5896.068	-6069.992	173.9243	1.002927	5.664185
5898	-5891.142	-6063.848	172.7067	1.051112	6.302273
5904	-5900.419	-6073.219	172.8001	1.128412	6.209489
5910	-5894.621	-6068.049	173.4282	1.019596	5.926513
5916	-5889.586	-6062.807	173.221	1.039089	6.028938
5922	-5886.305	-6061.615	175.3101	1.045988	4.874677
5928	-5889.761	-6063.568	173.8072	1.150088	5.647702
5934	-5883.382	-6057.304	173.9216	1.08464	5.620842
5940	-5883.178	-6057.999	174.8206	1.088357	5.123089
5946	-5886.114	-6059.92	173.8061	1.100963	5.67521
5952	-5884.516	-6058.757	174.2414	1.098318	5.437514
5958	-5889.256	-6063.574	174.3187	1.108108	5.389531
5964	-5899.473	-6075.556	176.0827	1.108108	4.406866
5970	-5888.903	-6064.245	175.3428	1.161003	4.792326
5976	-5891.976	-6068.792	176.8158	1.279385	3.892676
5982	-5901.968	-6075.453	173.4855	1.101379	5.850559
5988	-5895.042	-6069.927	174.8853	1.141226	5.057907
5994	-5891.564	-6066.392	174.8284	1.181191	5.06734
6000	-5892.772	-6067.09	174.3176	1.039013	5.428218
6006	-5898.368	-6072.242	173.8734	1.061773	5.659811
6012	-5889.272	-6062.647	173.3754	1.034184	5.947409
6018	-5889.316	-6061.292	171.9757	0.9400606	6.758206
6024	-5891.244	-6064.831	173.5877	1.008346	5.845503
6030	-5887.69	-6060.582	172.8915	0.9665647	6.247793
6036	-5883.756	-6056.48	172.7242	0.9919222	6.324922
6042	-5887.03	-6060.859	173.8286	1.085142	5.671563
6048	-5885.346	-6057.996	172.6504	1.11606	6.29755
6054	-5890.188	-6063.373	173.1843	1.130531	5.999102
6060	-5890.841	-6065.036	174.195	1.130531	5.445304
